2021-12-14 22:27:23,256:INFO: 
Running with the following arguments:
 >> index : 2021-12-14_22-27-22-temp
 >> corpus_type : WebNLG
 >> device_id : 3
 >> epoch_num : 100
 >> batch_size : 6
 >> use_symmetries : None
 >> use_feature_enchanced : True
 >> use_negative_mask : False
 >> set_rel_level : maxpooling
 >> set_ent_level : sent
 >> set_table_calc : mul
 >> tab_loss : 10.0
 >> rel_loss : 0.0
 >> ent_loss : 0.1
 >> cor_loss : 0.0

2021-12-14 22:27:23,256:INFO: 
Configs: 
 >> early_stop: 30
 >> seed: 12138
 >> hidden_size: 768
 >> max_text_len: 150
 >> drop_prob: 0.3
 >> data_dir: data/WebNLG
 >> log_dir: logs/2021-12-14_22-27-22-temp
 >> model_dir: models/2021-12-14_22-27-22-temp
 >> log_path: logs/2021-12-14_22-27-22-temp/train.log
 >> bert_model_dir: ../Bert/bert-base-cased
 >> rel_num: 216
 >> fin_tuning_lr: 0.0001
 >> downs_en_lr: 0.001
 >> clip_grad: 2.0
 >> weight_decay_rate: 0.01
 >> warmup_prop: 0.1

2021-12-14 22:27:38,090:INFO: Epoch 1/100
2021-12-14 22:31:12,327:INFO: Training Avg Loss: 0.184550, tab(0.017198)*10.0, rel(0.125971)*0.0, ent(0.125721)*0.1, cor(0.221135)*0.0
2021-12-14 22:31:14,310:INFO: Eval Result: F1: 0.0000, P: 1.0000, R: 0.0000
2021-12-14 22:31:14,310:WARNING: Find new best F1 >>> (0.0000)
2021-12-14 22:31:14,311:INFO: Epoch 2/100
2021-12-14 22:34:46,250:INFO: Training Avg Loss: 0.004984, tab(0.000442)*10.0, rel(0.061718)*0.0, ent(0.005613)*0.1, cor(0.165502)*0.0
2021-12-14 22:34:48,913:INFO: Eval Result: F1: 0.0047, P: 0.1667, R: 0.0024
2021-12-14 22:34:48,913:WARNING: Find new best F1 >>> (0.0047)
2021-12-14 22:34:48,913:INFO: Epoch 3/100
2021-12-14 22:38:25,563:INFO: Training Avg Loss: 0.003057, tab(0.000266)*10.0, rel(0.037564)*0.0, ent(0.004022)*0.1, cor(0.250517)*0.0
2021-12-14 22:39:10,891:INFO: Eval Result: F1: 0.2558, P: 0.2212, R: 0.3033
2021-12-14 22:39:10,891:WARNING: Find new best F1 >>> (0.2558)
2021-12-14 22:39:10,891:INFO: Epoch 4/100
2021-12-14 22:42:46,367:INFO: Training Avg Loss: 0.001608, tab(0.000135)*10.0, rel(0.020938)*0.0, ent(0.002601)*0.1, cor(0.138640)*0.0
2021-12-14 22:43:33,809:INFO: Eval Result: F1: 0.4682, P: 0.4792, R: 0.4576
2021-12-14 22:43:33,809:WARNING: Find new best F1 >>> (0.4682)
2021-12-14 22:43:33,809:INFO: Epoch 5/100
2021-12-14 22:46:53,673:INFO: Training Avg Loss: 0.001162, tab(0.000097)*10.0, rel(0.014477)*0.0, ent(0.001966)*0.1, cor(0.091240)*0.0
2021-12-14 22:47:51,315:INFO: Eval Result: F1: 0.5753, P: 0.5467, R: 0.6070
2021-12-14 22:47:51,316:WARNING: Find new best F1 >>> (0.5753)
2021-12-14 22:47:51,316:INFO: Epoch 6/100
2021-12-14 22:51:08,710:INFO: Training Avg Loss: 0.000898, tab(0.000074)*10.0, rel(0.011049)*0.0, ent(0.001583)*0.1, cor(0.075750)*0.0
2021-12-14 22:52:17,519:INFO: Eval Result: F1: 0.6137, P: 0.5615, R: 0.6767
2021-12-14 22:52:17,519:WARNING: Find new best F1 >>> (0.6137)
2021-12-14 22:52:17,519:INFO: Epoch 7/100
2021-12-14 22:55:29,083:INFO: Training Avg Loss: 0.000791, tab(0.000066)*10.0, rel(0.009454)*0.0, ent(0.001331)*0.1, cor(0.068167)*0.0
2021-12-14 22:56:34,777:INFO: Eval Result: F1: 0.6581, P: 0.6265, R: 0.6931
2021-12-14 22:56:34,777:WARNING: Find new best F1 >>> (0.6581)
2021-12-14 22:56:34,777:INFO: Epoch 8/100
2021-12-14 22:59:57,774:INFO: Training Avg Loss: 0.000665, tab(0.000055)*10.0, rel(0.007924)*0.0, ent(0.001145)*0.1, cor(0.093270)*0.0
2021-12-14 23:00:58,190:INFO: Eval Result: F1: 0.6651, P: 0.6324, R: 0.7015
2021-12-14 23:00:58,190:WARNING: Find new best F1 >>> (0.6651)
2021-12-14 23:00:58,190:INFO: Epoch 9/100
2021-12-14 23:04:38,131:INFO: Training Avg Loss: 0.032370, tab(0.003098)*10.0, rel(0.562191)*0.0, ent(0.013860)*0.1, cor(0.580109)*0.0
2021-12-14 23:04:40,317:INFO: Eval Result: F1: 0.0000, P: 1.0000, R: 0.0000
2021-12-14 23:04:40,317:INFO: Epoch 10/100
2021-12-14 23:08:08,261:INFO: Training Avg Loss: 0.051743, tab(0.005123)*10.0, rel(0.992577)*0.0, ent(0.005133)*0.1, cor(1.097890)*0.0
2021-12-14 23:08:10,557:INFO: Eval Result: F1: 0.0000, P: 1.0000, R: 0.0000
2021-12-14 23:08:10,558:INFO: Epoch 11/100
2021-12-14 23:11:44,966:INFO: Training Avg Loss: 0.050086, tab(0.004958)*10.0, rel(0.993868)*0.0, ent(0.005031)*0.1, cor(1.061879)*0.0
2021-12-14 23:11:47,197:INFO: Eval Result: F1: 0.0000, P: 1.0000, R: 0.0000
2021-12-14 23:11:47,197:INFO: Epoch 12/100
2021-12-14 23:15:24,421:INFO: Training Avg Loss: 0.049479, tab(0.004898)*10.0, rel(0.995465)*0.0, ent(0.004988)*0.1, cor(1.046644)*0.0
2021-12-14 23:15:26,674:INFO: Eval Result: F1: 0.0000, P: 1.0000, R: 0.0000
2021-12-14 23:15:26,674:INFO: Epoch 13/100
2021-12-14 23:18:59,912:INFO: Training Avg Loss: 0.048383, tab(0.004791)*10.0, rel(0.998797)*0.0, ent(0.004742)*0.1, cor(1.024336)*0.0
2021-12-14 23:19:02,108:INFO: Eval Result: F1: 0.0000, P: 1.0000, R: 0.0000
2021-12-14 23:19:02,108:INFO: Epoch 14/100
2021-12-14 23:22:43,273:INFO: Training Avg Loss: 0.049571, tab(0.004912)*10.0, rel(0.996321)*0.0, ent(0.004537)*0.1, cor(1.029686)*0.0
2021-12-14 23:22:45,436:INFO: Eval Result: F1: 0.0000, P: 1.0000, R: 0.0000
2021-12-14 23:22:45,436:INFO: Epoch 15/100
2021-12-14 23:26:20,860:INFO: Training Avg Loss: 0.050700, tab(0.005029)*10.0, rel(0.983509)*0.0, ent(0.004147)*0.1, cor(1.031116)*0.0
2021-12-14 23:26:23,032:INFO: Eval Result: F1: 0.0000, P: 1.0000, R: 0.0000
2021-12-14 23:26:23,032:INFO: Epoch 16/100
2021-12-14 23:30:06,670:INFO: Training Avg Loss: 0.048567, tab(0.004806)*10.0, rel(0.987802)*0.0, ent(0.005077)*0.1, cor(0.781907)*0.0
2021-12-14 23:30:08,848:INFO: Eval Result: F1: 0.0000, P: 1.0000, R: 0.0000
2021-12-14 23:30:08,848:INFO: Epoch 17/100
2021-12-14 23:33:45,486:INFO: Training Avg Loss: 0.049221, tab(0.004872)*10.0, rel(0.987780)*0.0, ent(0.004961)*0.1, cor(0.921173)*0.0
2021-12-14 23:33:47,594:INFO: Eval Result: F1: 0.0000, P: 1.0000, R: 0.0000
2021-12-14 23:33:47,594:INFO: Epoch 18/100
2021-12-14 23:37:22,814:INFO: Training Avg Loss: 0.051667, tab(0.005117)*10.0, rel(0.996843)*0.0, ent(0.004941)*0.1, cor(0.793374)*0.0
2021-12-14 23:37:24,969:INFO: Eval Result: F1: 0.0000, P: 1.0000, R: 0.0000
2021-12-14 23:37:24,969:INFO: Epoch 19/100
2021-12-14 23:41:20,195:INFO: Training Avg Loss: 0.049608, tab(0.004915)*10.0, rel(1.007613)*0.0, ent(0.004589)*0.1, cor(0.656186)*0.0
2021-12-14 23:41:22,325:INFO: Eval Result: F1: 0.0000, P: 1.0000, R: 0.0000
2021-12-14 23:41:22,325:INFO: Epoch 20/100
2021-12-14 23:44:55,532:INFO: Training Avg Loss: 0.050892, tab(0.005045)*10.0, rel(1.004220)*0.0, ent(0.004382)*0.1, cor(0.720683)*0.0
2021-12-14 23:44:57,635:INFO: Eval Result: F1: 0.0000, P: 1.0000, R: 0.0000
2021-12-14 23:44:57,635:INFO: Epoch 21/100
2021-12-14 23:48:34,769:INFO: Training Avg Loss: 0.050123, tab(0.004971)*10.0, rel(0.991818)*0.0, ent(0.004182)*0.1, cor(0.695510)*0.0
2021-12-14 23:48:36,877:INFO: Eval Result: F1: 0.0000, P: 1.0000, R: 0.0000
2021-12-14 23:48:36,877:INFO: Epoch 22/100
2021-12-14 23:52:21,868:INFO: Training Avg Loss: 0.050479, tab(0.005007)*10.0, rel(1.002453)*0.0, ent(0.004058)*0.1, cor(0.678362)*0.0
2021-12-14 23:52:23,972:INFO: Eval Result: F1: 0.0000, P: 1.0000, R: 0.0000
2021-12-14 23:52:23,972:INFO: Epoch 23/100
2021-12-14 23:56:04,329:INFO: Training Avg Loss: 0.048236, tab(0.004784)*10.0, rel(0.992669)*0.0, ent(0.003933)*0.1, cor(0.637675)*0.0
2021-12-14 23:56:06,435:INFO: Eval Result: F1: 0.0000, P: 1.0000, R: 0.0000
2021-12-14 23:56:06,435:INFO: Epoch 24/100
2021-12-14 23:59:57,615:INFO: Training Avg Loss: 0.049550, tab(0.004917)*10.0, rel(1.001755)*0.0, ent(0.003850)*0.1, cor(0.653449)*0.0
2021-12-14 23:59:59,693:INFO: Eval Result: F1: 0.0000, P: 1.0000, R: 0.0000
2021-12-14 23:59:59,693:INFO: Epoch 25/100
2021-12-15 00:03:33,870:INFO: Training Avg Loss: 0.050772, tab(0.005039)*10.0, rel(0.983998)*0.0, ent(0.003765)*0.1, cor(0.640728)*0.0
2021-12-15 00:03:36,001:INFO: Eval Result: F1: 0.0000, P: 1.0000, R: 0.0000
2021-12-15 00:03:36,001:INFO: Epoch 26/100
2021-12-15 00:07:16,522:INFO: Training Avg Loss: 0.050005, tab(0.004964)*10.0, rel(1.010416)*0.0, ent(0.003694)*0.1, cor(0.613346)*0.0
2021-12-15 00:07:18,726:INFO: Eval Result: F1: 0.0000, P: 1.0000, R: 0.0000
2021-12-15 00:07:18,727:INFO: Epoch 27/100
2021-12-15 00:11:06,267:INFO: Training Avg Loss: 0.050677, tab(0.005031)*10.0, rel(0.995171)*0.0, ent(0.003647)*0.1, cor(0.604444)*0.0
2021-12-15 00:11:08,451:INFO: Eval Result: F1: 0.0000, P: 1.0000, R: 0.0000
2021-12-15 00:11:08,451:INFO: Epoch 28/100
2021-12-15 00:14:49,563:INFO: Training Avg Loss: 0.049566, tab(0.004920)*10.0, rel(1.003128)*0.0, ent(0.003653)*0.1, cor(0.584648)*0.0
2021-12-15 00:14:51,706:INFO: Eval Result: F1: 0.0000, P: 1.0000, R: 0.0000
2021-12-15 00:14:51,707:INFO: Epoch 29/100
2021-12-15 00:18:32,395:INFO: Training Avg Loss: 0.048298, tab(0.004795)*10.0, rel(0.988451)*0.0, ent(0.003509)*0.1, cor(0.550932)*0.0
2021-12-15 00:18:34,579:INFO: Eval Result: F1: 0.0000, P: 1.0000, R: 0.0000
2021-12-15 00:18:34,580:INFO: Epoch 30/100
2021-12-15 00:22:16,382:INFO: Training Avg Loss: 0.050154, tab(0.004980)*10.0, rel(1.009167)*0.0, ent(0.003542)*0.1, cor(0.566776)*0.0
2021-12-15 00:22:18,524:INFO: Eval Result: F1: 0.0000, P: 1.0000, R: 0.0000
2021-12-15 00:22:18,524:INFO: Epoch 31/100
2021-12-15 00:26:01,368:INFO: Training Avg Loss: 0.049072, tab(0.004873)*10.0, rel(0.987201)*0.0, ent(0.003406)*0.1, cor(0.533279)*0.0
2021-12-15 00:26:03,423:INFO: Eval Result: F1: 0.0000, P: 1.0000, R: 0.0000
2021-12-15 00:26:03,423:INFO: Epoch 32/100
2021-12-15 00:29:34,519:INFO: Training Avg Loss: 0.050763, tab(0.005041)*10.0, rel(1.003002)*0.0, ent(0.003503)*0.1, cor(0.542673)*0.0
2021-12-15 00:29:36,658:INFO: Eval Result: F1: 0.0000, P: 1.0000, R: 0.0000
2021-12-15 00:29:36,658:INFO: Epoch 33/100
2021-12-15 00:33:17,936:INFO: Training Avg Loss: 0.049340, tab(0.004900)*10.0, rel(0.989752)*0.0, ent(0.003356)*0.1, cor(0.523408)*0.0
2021-12-15 00:33:19,935:INFO: Eval Result: F1: 0.0000, P: 1.0000, R: 0.0000
2021-12-15 00:33:19,935:INFO: Epoch 34/100
2021-12-15 00:37:07,320:INFO: Training Avg Loss: 0.049855, tab(0.004951)*10.0, rel(1.015935)*0.0, ent(0.003435)*0.1, cor(0.507818)*0.0
2021-12-15 00:37:09,451:INFO: Eval Result: F1: 0.0000, P: 1.0000, R: 0.0000
2021-12-15 00:37:09,452:INFO: Epoch 35/100
2021-12-15 00:40:51,144:INFO: Training Avg Loss: 0.049738, tab(0.004941)*10.0, rel(0.985750)*0.0, ent(0.003329)*0.1, cor(0.495794)*0.0
2021-12-15 00:40:53,190:INFO: Eval Result: F1: 0.0000, P: 1.0000, R: 0.0000
2021-12-15 00:40:53,190:INFO: Epoch 36/100
2021-12-15 00:44:22,294:INFO: Training Avg Loss: 0.050139, tab(0.004980)*10.0, rel(0.983212)*0.0, ent(0.003340)*0.1, cor(0.493282)*0.0
2021-12-15 00:44:24,392:INFO: Eval Result: F1: 0.0000, P: 1.0000, R: 0.0000
2021-12-15 00:44:24,392:INFO: Epoch 37/100
2021-12-15 00:47:58,958:INFO: Training Avg Loss: 0.050610, tab(0.005028)*10.0, rel(0.978655)*0.0, ent(0.003320)*0.1, cor(0.485948)*0.0
2021-12-15 00:48:00,997:INFO: Eval Result: F1: 0.0000, P: 1.0000, R: 0.0000
2021-12-15 00:48:00,997:INFO: Epoch 38/100
2021-12-15 00:51:40,818:INFO: Training Avg Loss: 0.050817, tab(0.005048)*10.0, rel(0.999169)*0.0, ent(0.003332)*0.1, cor(0.470314)*0.0
2021-12-15 00:51:42,948:INFO: Eval Result: F1: 0.0000, P: 1.0000, R: 0.0000
2021-12-15 00:51:42,948:WARNING: Early stoping in epoch 38 and the best F1 is (0.665132)!!!!
2021-12-15 00:51:42,949:INFO: Final evaluate in 'test set':
2021-12-15 00:51:46,158:INFO: Eval Result: F1: 0.0000, P: 1.0000, R: 0.0000
2021-12-15 00:51:46,158:WARNING: 


Final Result: 
Val Best F1 Score is (0.665132), Test F1 Score is (0.000000)
