2021-12-14 13:14:37,160:INFO: 
Running with the following arguments:
 >> index : 2021-12-14_13-14-35-temp
 >> corpus_type : WebNLG
 >> device_id : 3
 >> epoch_num : 100
 >> batch_size : 6
 >> use_symmetries : None
 >> use_feature_enchanced : True
 >> use_negative_mask : False
 >> set_rel_level : maxpooling
 >> set_ent_level : sent_enchanced
 >> set_table_calc : mul
 >> tab_loss : 10.0
 >> rel_loss : 0.0
 >> ent_loss : 0.1
 >> cor_loss : 0.0

2021-12-14 13:14:37,160:INFO: 
Configs: 
 >> early_stop: 30
 >> seed: 12138
 >> hidden_size: 768
 >> max_text_len: 150
 >> drop_prob: 0.3
 >> data_dir: data/WebNLG
 >> log_dir: logs/2021-12-14_13-14-35-temp
 >> model_dir: models/2021-12-14_13-14-35-temp
 >> log_path: logs/2021-12-14_13-14-35-temp/train.log
 >> bert_model_dir: ../Bert/bert-base-cased
 >> rel_num: 216
 >> fin_tuning_lr: 0.0001
 >> downs_en_lr: 0.001
 >> clip_grad: 2.0
 >> weight_decay_rate: 0.01
 >> warmup_prop: 0.1

2021-12-14 13:14:51,697:INFO: Epoch 1/100
2021-12-14 13:18:30,011:INFO: Training Avg Loss: 0.180987, tab(0.017235)*10.0, rel(0.124224)*0.0, ent(0.086340)*0.1, cor(0.238634)*0.0
2021-12-14 13:18:32,192:INFO: Eval Result: F1: 0.0000, P: 1.0000, R: 0.0000
2021-12-14 13:18:32,193:WARNING: Find new best F1 >>> (0.0000)
2021-12-14 13:18:32,193:INFO: Epoch 2/100
2021-12-14 13:21:20,157:INFO: Training Avg Loss: 0.004482, tab(0.000399)*10.0, rel(0.054898)*0.0, ent(0.004900)*0.1, cor(0.181443)*0.0
2021-12-14 13:21:28,048:INFO: Eval Result: F1: 0.0389, P: 0.0760, R: 0.0262
2021-12-14 13:21:28,049:WARNING: Find new best F1 >>> (0.0389)
2021-12-14 13:21:28,049:INFO: Epoch 3/100
2021-12-14 13:24:16,242:INFO: Training Avg Loss: 0.002507, tab(0.000213)*10.0, rel(0.030172)*0.0, ent(0.003727)*0.1, cor(0.218395)*0.0
2021-12-14 13:25:04,089:INFO: Eval Result: F1: 0.3416, P: 0.3018, R: 0.3934
2021-12-14 13:25:04,089:WARNING: Find new best F1 >>> (0.3416)
2021-12-14 13:25:04,089:INFO: Epoch 4/100
2021-12-14 13:27:53,634:INFO: Training Avg Loss: 0.001396, tab(0.000115)*10.0, rel(0.017953)*0.0, ent(0.002412)*0.1, cor(0.115329)*0.0
2021-12-14 13:28:43,255:INFO: Eval Result: F1: 0.4779, P: 0.4566, R: 0.5012
2021-12-14 13:28:43,256:WARNING: Find new best F1 >>> (0.4779)
2021-12-14 13:28:43,256:INFO: Epoch 5/100
2021-12-14 13:31:27,701:INFO: Training Avg Loss: 0.001037, tab(0.000086)*10.0, rel(0.013027)*0.0, ent(0.001736)*0.1, cor(0.095237)*0.0
2021-12-14 13:32:25,914:INFO: Eval Result: F1: 0.5904, P: 0.5479, R: 0.6402
2021-12-14 13:32:25,914:WARNING: Find new best F1 >>> (0.5904)
2021-12-14 13:32:25,915:INFO: Epoch 6/100
2021-12-14 13:35:07,804:INFO: Training Avg Loss: 0.000858, tab(0.000073)*10.0, rel(0.010601)*0.0, ent(0.001328)*0.1, cor(0.104865)*0.0
2021-12-14 13:36:12,768:INFO: Eval Result: F1: 0.5847, P: 0.5156, R: 0.6752
2021-12-14 13:36:12,769:INFO: Epoch 7/100
2021-12-14 13:39:01,072:INFO: Training Avg Loss: 0.000806, tab(0.000069)*10.0, rel(0.009507)*0.0, ent(0.001122)*0.1, cor(0.105273)*0.0
2021-12-14 13:40:11,752:INFO: Eval Result: F1: 0.5767, P: 0.4978, R: 0.6854
2021-12-14 13:40:11,752:INFO: Epoch 8/100
2021-12-14 13:43:00,079:INFO: Training Avg Loss: 0.000675, tab(0.000058)*10.0, rel(0.008397)*0.0, ent(0.000952)*0.1, cor(0.136599)*0.0
2021-12-14 13:44:02,084:INFO: Eval Result: F1: 0.6712, P: 0.6022, R: 0.7581
2021-12-14 13:44:02,084:WARNING: Find new best F1 >>> (0.6712)
2021-12-14 13:44:02,084:INFO: Epoch 9/100
2021-12-14 13:47:57,944:INFO: Training Avg Loss: 0.000597, tab(0.000051)*10.0, rel(0.007970)*0.0, ent(0.000885)*0.1, cor(0.097816)*0.0
2021-12-14 13:49:03,921:INFO: Eval Result: F1: 0.7114, P: 0.6646, R: 0.7653
2021-12-14 13:49:03,921:WARNING: Find new best F1 >>> (0.7114)
2021-12-14 13:49:03,921:INFO: Epoch 10/100
2021-12-14 13:52:43,487:INFO: Training Avg Loss: 0.001859, tab(0.000165)*10.0, rel(0.022377)*0.0, ent(0.002116)*0.1, cor(0.197806)*0.0
2021-12-14 13:53:55,392:INFO: Eval Result: F1: 0.5541, P: 0.4656, R: 0.6842
2021-12-14 13:53:55,392:INFO: Epoch 11/100
2021-12-14 13:57:55,240:INFO: Training Avg Loss: 0.000722, tab(0.000058)*10.0, rel(0.009173)*0.0, ent(0.001466)*0.1, cor(0.104685)*0.0
2021-12-14 13:59:00,108:INFO: Eval Result: F1: 0.6333, P: 0.5528, R: 0.7412
2021-12-14 13:59:00,108:INFO: Epoch 12/100
2021-12-14 14:02:30,027:INFO: Training Avg Loss: 0.000526, tab(0.000041)*10.0, rel(0.006318)*0.0, ent(0.001176)*0.1, cor(0.072677)*0.0
2021-12-14 14:03:34,895:INFO: Eval Result: F1: 0.6007, P: 0.5208, R: 0.7094
2021-12-14 14:03:34,895:INFO: Epoch 13/100
2021-12-14 14:07:13,370:INFO: Training Avg Loss: 0.000457, tab(0.000036)*10.0, rel(0.005557)*0.0, ent(0.001008)*0.1, cor(0.067908)*0.0
2021-12-14 14:08:22,362:INFO: Eval Result: F1: 0.7292, P: 0.6632, R: 0.8099
2021-12-14 14:08:22,362:WARNING: Find new best F1 >>> (0.7292)
2021-12-14 14:08:22,362:INFO: Epoch 14/100
2021-12-14 14:12:06,287:INFO: Training Avg Loss: 0.000422, tab(0.000033)*10.0, rel(0.005014)*0.0, ent(0.000931)*0.1, cor(0.054460)*0.0
2021-12-14 14:13:11,911:INFO: Eval Result: F1: 0.6696, P: 0.6173, R: 0.7316
2021-12-14 14:13:11,912:INFO: Epoch 15/100
2021-12-14 14:16:49,552:INFO: Training Avg Loss: 0.000428, tab(0.000034)*10.0, rel(0.004940)*0.0, ent(0.000870)*0.1, cor(0.090475)*0.0
2021-12-14 14:17:49,979:INFO: Eval Result: F1: 0.5991, P: 0.5244, R: 0.6987
2021-12-14 14:17:49,979:INFO: Epoch 16/100
2021-12-14 14:21:42,097:INFO: Training Avg Loss: 0.000421, tab(0.000034)*10.0, rel(0.005025)*0.0, ent(0.000850)*0.1, cor(0.087565)*0.0
2021-12-14 14:22:48,102:INFO: Eval Result: F1: 0.7009, P: 0.6214, R: 0.8038
2021-12-14 14:22:48,102:INFO: Epoch 17/100
2021-12-14 14:28:39,230:INFO: Training Avg Loss: 0.000745, tab(0.000063)*10.0, rel(0.008374)*0.0, ent(0.001108)*0.1, cor(0.054527)*0.0
2021-12-14 14:29:48,652:INFO: Eval Result: F1: 0.5373, P: 0.4680, R: 0.6307
2021-12-14 14:29:48,652:INFO: Epoch 18/100
2021-12-14 14:34:24,607:INFO: Training Avg Loss: 0.000594, tab(0.000049)*10.0, rel(0.006346)*0.0, ent(0.001017)*0.1, cor(0.057474)*0.0
2021-12-14 14:35:27,799:INFO: Eval Result: F1: 0.7695, P: 0.7124, R: 0.8365
2021-12-14 14:35:27,800:WARNING: Find new best F1 >>> (0.7695)
2021-12-14 14:35:27,800:INFO: Epoch 19/100
2021-12-14 14:39:12,959:INFO: Training Avg Loss: 0.000337, tab(0.000026)*10.0, rel(0.004060)*0.0, ent(0.000733)*0.1, cor(0.051371)*0.0
2021-12-14 14:40:20,542:INFO: Eval Result: F1: 0.7724, P: 0.7113, R: 0.8449
2021-12-14 14:40:20,542:WARNING: Find new best F1 >>> (0.7724)
2021-12-14 14:40:20,542:INFO: Epoch 20/100
2021-12-14 14:43:50,321:INFO: Training Avg Loss: 0.000315, tab(0.000025)*10.0, rel(0.003569)*0.0, ent(0.000673)*0.1, cor(0.054942)*0.0
2021-12-14 14:44:52,428:INFO: Eval Result: F1: 0.8034, P: 0.7483, R: 0.8674
2021-12-14 14:44:52,428:WARNING: Find new best F1 >>> (0.8034)
2021-12-14 14:44:52,428:INFO: Epoch 21/100
2021-12-14 14:48:32,161:INFO: Training Avg Loss: 0.000390, tab(0.000032)*10.0, rel(0.004209)*0.0, ent(0.000696)*0.1, cor(0.049851)*0.0
2021-12-14 14:49:34,235:INFO: Eval Result: F1: 0.7452, P: 0.6769, R: 0.8290
2021-12-14 14:49:34,235:INFO: Epoch 22/100
2021-12-14 14:53:21,609:INFO: Training Avg Loss: 0.000400, tab(0.000033)*10.0, rel(0.004245)*0.0, ent(0.000701)*0.1, cor(0.046627)*0.0
2021-12-14 14:54:22,927:INFO: Eval Result: F1: 0.7094, P: 0.6324, R: 0.8078
2021-12-14 14:54:22,927:INFO: Epoch 23/100
2021-12-14 14:58:14,993:INFO: Training Avg Loss: 0.000292, tab(0.000023)*10.0, rel(0.003367)*0.0, ent(0.000596)*0.1, cor(0.060540)*0.0
2021-12-14 14:59:21,359:INFO: Eval Result: F1: 0.7909, P: 0.7454, R: 0.8424
2021-12-14 14:59:21,359:INFO: Epoch 24/100
2021-12-14 15:03:21,147:INFO: Training Avg Loss: 0.000263, tab(0.000021)*10.0, rel(0.003090)*0.0, ent(0.000544)*0.1, cor(0.067699)*0.0
2021-12-14 15:04:21,745:INFO: Eval Result: F1: 0.7581, P: 0.7182, R: 0.8028
2021-12-14 15:04:21,745:INFO: Epoch 25/100
2021-12-14 15:08:05,288:INFO: Training Avg Loss: 0.000303, tab(0.000025)*10.0, rel(0.003111)*0.0, ent(0.000553)*0.1, cor(0.059023)*0.0
2021-12-14 15:09:08,179:INFO: Eval Result: F1: 0.7337, P: 0.6763, R: 0.8018
2021-12-14 15:09:08,179:INFO: Epoch 26/100
2021-12-14 15:12:55,820:INFO: Training Avg Loss: 0.000263, tab(0.000021)*10.0, rel(0.002686)*0.0, ent(0.000507)*0.1, cor(0.053867)*0.0
2021-12-14 15:14:03,733:INFO: Eval Result: F1: 0.6564, P: 0.5791, R: 0.7573
2021-12-14 15:14:03,733:INFO: Epoch 27/100
2021-12-14 15:17:46,437:INFO: Training Avg Loss: 0.000419, tab(0.000035)*10.0, rel(0.003925)*0.0, ent(0.000653)*0.1, cor(0.084160)*0.0
2021-12-14 15:18:50,745:INFO: Eval Result: F1: 0.7432, P: 0.6766, R: 0.8243
2021-12-14 15:18:50,745:INFO: Epoch 28/100
2021-12-14 15:22:28,237:INFO: Training Avg Loss: 0.000275, tab(0.000022)*10.0, rel(0.002929)*0.0, ent(0.000513)*0.1, cor(0.077830)*0.0
2021-12-14 15:23:29,430:INFO: Eval Result: F1: 0.7826, P: 0.7310, R: 0.8421
2021-12-14 15:23:29,430:INFO: Epoch 29/100
2021-12-14 15:27:07,243:INFO: Training Avg Loss: 0.000226, tab(0.000018)*10.0, rel(0.002565)*0.0, ent(0.000438)*0.1, cor(0.060868)*0.0
2021-12-14 15:28:07,724:INFO: Eval Result: F1: 0.7276, P: 0.6969, R: 0.7610
2021-12-14 15:28:07,724:INFO: Epoch 30/100
2021-12-14 15:31:54,018:INFO: Training Avg Loss: 0.000186, tab(0.000015)*10.0, rel(0.002131)*0.0, ent(0.000405)*0.1, cor(0.072494)*0.0
2021-12-14 15:32:52,942:INFO: Eval Result: F1: 0.8275, P: 0.8006, R: 0.8562
2021-12-14 15:32:52,942:WARNING: Find new best F1 >>> (0.8275)
2021-12-14 15:32:52,942:INFO: Epoch 31/100
2021-12-14 15:36:38,705:INFO: Training Avg Loss: 0.000166, tab(0.000013)*10.0, rel(0.001952)*0.0, ent(0.000360)*0.1, cor(0.049168)*0.0
2021-12-14 15:37:35,908:INFO: Eval Result: F1: 0.7628, P: 0.7224, R: 0.8079
2021-12-14 15:37:35,908:INFO: Epoch 32/100
2021-12-14 15:41:12,876:INFO: Training Avg Loss: 0.000195, tab(0.000016)*10.0, rel(0.002136)*0.0, ent(0.000396)*0.1, cor(0.049947)*0.0
2021-12-14 15:42:23,425:INFO: Eval Result: F1: 0.8144, P: 0.7976, R: 0.8319
2021-12-14 15:42:23,425:INFO: Epoch 33/100
2021-12-14 15:46:09,578:INFO: Training Avg Loss: 0.000161, tab(0.000013)*10.0, rel(0.001899)*0.0, ent(0.000356)*0.1, cor(0.045107)*0.0
2021-12-14 15:47:07,550:INFO: Eval Result: F1: 0.8048, P: 0.7607, R: 0.8544
2021-12-14 15:47:07,550:INFO: Epoch 34/100
2021-12-14 15:50:51,753:INFO: Training Avg Loss: 0.000141, tab(0.000011)*10.0, rel(0.001620)*0.0, ent(0.000319)*0.1, cor(0.046437)*0.0
2021-12-14 15:52:00,693:INFO: Eval Result: F1: 0.7788, P: 0.7342, R: 0.8292
2021-12-14 15:52:00,693:INFO: Epoch 35/100
2021-12-14 15:55:47,480:INFO: Training Avg Loss: 0.000113, tab(0.000009)*10.0, rel(0.001367)*0.0, ent(0.000277)*0.1, cor(0.046455)*0.0
2021-12-14 15:56:49,101:INFO: Eval Result: F1: 0.8148, P: 0.7684, R: 0.8673
2021-12-14 15:56:49,101:INFO: Epoch 36/100
2021-12-14 16:00:19,077:INFO: Training Avg Loss: 0.000169, tab(0.000014)*10.0, rel(0.001673)*0.0, ent(0.000319)*0.1, cor(0.042886)*0.0
2021-12-14 16:01:22,553:INFO: Eval Result: F1: 0.7801, P: 0.7347, R: 0.8314
2021-12-14 16:01:22,553:INFO: Epoch 37/100
2021-12-14 16:04:56,744:INFO: Training Avg Loss: 0.000145, tab(0.000012)*10.0, rel(0.001404)*0.0, ent(0.000292)*0.1, cor(0.047389)*0.0
2021-12-14 16:05:58,963:INFO: Eval Result: F1: 0.7545, P: 0.7065, R: 0.8096
2021-12-14 16:05:58,963:INFO: Epoch 38/100
2021-12-14 16:09:34,329:INFO: Training Avg Loss: 0.000266, tab(0.000022)*10.0, rel(0.002500)*0.0, ent(0.000429)*0.1, cor(0.048657)*0.0
2021-12-14 16:10:38,595:INFO: Eval Result: F1: 0.8184, P: 0.7866, R: 0.8529
2021-12-14 16:10:38,596:INFO: Epoch 39/100
2021-12-14 16:21:34,161:INFO: Training Avg Loss: 0.000107, tab(0.000008)*10.0, rel(0.001182)*0.0, ent(0.000253)*0.1, cor(0.045293)*0.0
2021-12-14 16:22:35,881:INFO: Eval Result: F1: 0.7925, P: 0.7313, R: 0.8647
2021-12-14 16:22:35,881:INFO: Epoch 40/100
2021-12-14 16:26:13,089:INFO: Training Avg Loss: 0.000111, tab(0.000009)*10.0, rel(0.001045)*0.0, ent(0.000236)*0.1, cor(0.044565)*0.0
2021-12-14 16:27:27,627:INFO: Eval Result: F1: 0.8284, P: 0.7911, R: 0.8695
2021-12-14 16:27:27,627:WARNING: Find new best F1 >>> (0.8284)
2021-12-14 16:27:27,627:INFO: Epoch 41/100
2021-12-14 16:31:17,791:INFO: Training Avg Loss: 0.000093, tab(0.000007)*10.0, rel(0.001031)*0.0, ent(0.000227)*0.1, cor(0.044750)*0.0
2021-12-14 16:32:25,721:INFO: Eval Result: F1: 0.8520, P: 0.8157, R: 0.8917
2021-12-14 16:32:25,721:WARNING: Find new best F1 >>> (0.8520)
2021-12-14 16:32:25,721:INFO: Epoch 42/100
2021-12-14 16:36:12,055:INFO: Training Avg Loss: 0.000094, tab(0.000007)*10.0, rel(0.001001)*0.0, ent(0.000219)*0.1, cor(0.044788)*0.0
2021-12-14 16:37:15,449:INFO: Eval Result: F1: 0.7886, P: 0.7522, R: 0.8288
2021-12-14 16:37:15,450:INFO: Epoch 43/100
2021-12-14 16:41:10,638:INFO: Training Avg Loss: 0.000076, tab(0.000006)*10.0, rel(0.000877)*0.0, ent(0.000196)*0.1, cor(0.043852)*0.0
2021-12-14 16:42:05,798:INFO: Eval Result: F1: 0.8479, P: 0.8288, R: 0.8678
2021-12-14 16:42:05,798:INFO: Epoch 44/100
2021-12-14 16:45:50,151:INFO: Training Avg Loss: 0.000064, tab(0.000005)*10.0, rel(0.000741)*0.0, ent(0.000170)*0.1, cor(0.048404)*0.0
2021-12-14 16:46:53,906:INFO: Eval Result: F1: 0.8305, P: 0.7926, R: 0.8722
2021-12-14 16:46:53,906:INFO: Epoch 45/100
2021-12-14 16:50:48,553:INFO: Training Avg Loss: 0.000048, tab(0.000003)*10.0, rel(0.000548)*0.0, ent(0.000144)*0.1, cor(0.051880)*0.0
2021-12-14 16:51:44,506:INFO: Eval Result: F1: 0.8515, P: 0.8180, R: 0.8878
2021-12-14 16:51:44,506:INFO: Epoch 46/100
2021-12-14 16:55:26,775:INFO: Training Avg Loss: 0.000151, tab(0.000013)*10.0, rel(0.001242)*0.0, ent(0.000254)*0.1, cor(0.055504)*0.0
2021-12-14 16:56:24,778:INFO: Eval Result: F1: 0.8272, P: 0.7966, R: 0.8602
2021-12-14 16:56:24,778:INFO: Epoch 47/100
2021-12-14 17:00:06,232:INFO: Training Avg Loss: 0.000056, tab(0.000004)*10.0, rel(0.000706)*0.0, ent(0.000161)*0.1, cor(0.046584)*0.0
2021-12-14 17:01:15,405:INFO: Eval Result: F1: 0.8656, P: 0.8351, R: 0.8984
2021-12-14 17:01:15,405:WARNING: Find new best F1 >>> (0.8656)
2021-12-14 17:01:15,405:INFO: Epoch 48/100
2021-12-14 17:04:43,523:INFO: Training Avg Loss: 0.000046, tab(0.000003)*10.0, rel(0.000563)*0.0, ent(0.000133)*0.1, cor(0.046695)*0.0
2021-12-14 17:05:48,511:INFO: Eval Result: F1: 0.8279, P: 0.7872, R: 0.8729
2021-12-14 17:05:48,511:INFO: Epoch 49/100
2021-12-14 17:08:34,114:INFO: Training Avg Loss: 0.000037, tab(0.000003)*10.0, rel(0.000471)*0.0, ent(0.000112)*0.1, cor(0.050008)*0.0
2021-12-14 17:09:38,755:INFO: Eval Result: F1: 0.8464, P: 0.8136, R: 0.8820
2021-12-14 17:09:38,756:INFO: Epoch 50/100
2021-12-14 17:12:26,943:INFO: Training Avg Loss: 0.000032, tab(0.000002)*10.0, rel(0.000466)*0.0, ent(0.000111)*0.1, cor(0.051302)*0.0
2021-12-14 17:13:34,496:INFO: Eval Result: F1: 0.8454, P: 0.8215, R: 0.8708
2021-12-14 17:13:34,497:INFO: Epoch 51/100
2021-12-14 17:16:53,819:INFO: Training Avg Loss: 0.000037, tab(0.000003)*10.0, rel(0.000391)*0.0, ent(0.000107)*0.1, cor(0.052057)*0.0
2021-12-14 17:17:57,918:INFO: Eval Result: F1: 0.8326, P: 0.8024, R: 0.8652
2021-12-14 17:17:57,919:INFO: Epoch 52/100
2021-12-14 17:21:27,319:INFO: Training Avg Loss: 0.000038, tab(0.000003)*10.0, rel(0.000455)*0.0, ent(0.000113)*0.1, cor(0.050245)*0.0
2021-12-14 17:22:35,764:INFO: Eval Result: F1: 0.8402, P: 0.7999, R: 0.8848
2021-12-14 17:22:35,764:INFO: Epoch 53/100
2021-12-14 17:26:11,005:INFO: Training Avg Loss: 0.000026, tab(0.000002)*10.0, rel(0.000296)*0.0, ent(0.000090)*0.1, cor(0.050879)*0.0
2021-12-14 17:27:11,046:INFO: Eval Result: F1: 0.8555, P: 0.8278, R: 0.8850
2021-12-14 17:27:11,046:INFO: Epoch 54/100
2021-12-14 17:30:49,153:INFO: Training Avg Loss: 0.000030, tab(0.000002)*10.0, rel(0.000280)*0.0, ent(0.000089)*0.1, cor(0.049576)*0.0
2021-12-14 17:31:56,729:INFO: Eval Result: F1: 0.8418, P: 0.8159, R: 0.8695
2021-12-14 17:31:56,729:INFO: Epoch 55/100
2021-12-14 17:35:44,342:INFO: Training Avg Loss: 0.000027, tab(0.000002)*10.0, rel(0.000329)*0.0, ent(0.000080)*0.1, cor(0.051422)*0.0
2021-12-14 17:36:41,602:INFO: Eval Result: F1: 0.8417, P: 0.8088, R: 0.8774
2021-12-14 17:36:41,602:INFO: Epoch 56/100
2021-12-14 17:40:32,471:INFO: Training Avg Loss: 0.000018, tab(0.000001)*10.0, rel(0.000279)*0.0, ent(0.000071)*0.1, cor(0.047895)*0.0
2021-12-14 17:41:39,748:INFO: Eval Result: F1: 0.8747, P: 0.8524, R: 0.8982
2021-12-14 17:41:39,748:WARNING: Find new best F1 >>> (0.8747)
2021-12-14 17:41:39,748:INFO: Epoch 57/100
2021-12-14 17:45:28,129:INFO: Training Avg Loss: 0.000019, tab(0.000001)*10.0, rel(0.000247)*0.0, ent(0.000071)*0.1, cor(0.048152)*0.0
2021-12-14 17:46:42,890:INFO: Eval Result: F1: 0.8402, P: 0.8074, R: 0.8758
2021-12-14 17:46:42,890:INFO: Epoch 58/100
2021-12-14 17:50:20,117:INFO: Training Avg Loss: 0.000033, tab(0.000002)*10.0, rel(0.000355)*0.0, ent(0.000090)*0.1, cor(0.053002)*0.0
2021-12-14 17:51:29,845:INFO: Eval Result: F1: 0.8513, P: 0.8214, R: 0.8835
2021-12-14 17:51:29,845:INFO: Epoch 59/100
2021-12-14 17:55:16,265:INFO: Training Avg Loss: 0.000020, tab(0.000001)*10.0, rel(0.000244)*0.0, ent(0.000072)*0.1, cor(0.051944)*0.0
2021-12-14 17:56:19,589:INFO: Eval Result: F1: 0.8842, P: 0.8597, R: 0.9101
2021-12-14 17:56:19,589:WARNING: Find new best F1 >>> (0.8842)
2021-12-14 17:56:19,589:INFO: Epoch 60/100
2021-12-14 18:00:00,159:INFO: Training Avg Loss: 0.000018, tab(0.000001)*10.0, rel(0.000210)*0.0, ent(0.000063)*0.1, cor(0.052371)*0.0
2021-12-14 18:00:59,975:INFO: Eval Result: F1: 0.8330, P: 0.8065, R: 0.8614
2021-12-14 18:00:59,975:INFO: Epoch 61/100
2021-12-14 18:04:54,010:INFO: Training Avg Loss: 0.000015, tab(0.000001)*10.0, rel(0.000222)*0.0, ent(0.000059)*0.1, cor(0.050078)*0.0
2021-12-14 18:05:55,421:INFO: Eval Result: F1: 0.8371, P: 0.7999, R: 0.8779
2021-12-14 18:05:55,421:INFO: Epoch 62/100
2021-12-14 18:09:45,088:INFO: Training Avg Loss: 0.000016, tab(0.000001)*10.0, rel(0.000287)*0.0, ent(0.000057)*0.1, cor(0.051248)*0.0
2021-12-14 18:10:43,494:INFO: Eval Result: F1: 0.8650, P: 0.8356, R: 0.8965
2021-12-14 18:10:43,494:INFO: Epoch 63/100
2021-12-14 18:14:30,703:INFO: Training Avg Loss: 0.000019, tab(0.000001)*10.0, rel(0.000269)*0.0, ent(0.000061)*0.1, cor(0.052612)*0.0
2021-12-14 18:15:29,978:INFO: Eval Result: F1: 0.8436, P: 0.8155, R: 0.8738
2021-12-14 18:15:29,978:INFO: Epoch 64/100
2021-12-14 18:19:16,075:INFO: Training Avg Loss: 0.000010, tab(0.000001)*10.0, rel(0.000106)*0.0, ent(0.000047)*0.1, cor(0.054090)*0.0
2021-12-14 18:20:12,510:INFO: Eval Result: F1: 0.8429, P: 0.8101, R: 0.8783
2021-12-14 18:20:12,510:INFO: Epoch 65/100
2021-12-14 18:23:47,372:INFO: Training Avg Loss: 0.000016, tab(0.000001)*10.0, rel(0.000150)*0.0, ent(0.000048)*0.1, cor(0.054296)*0.0
2021-12-14 18:24:53,498:INFO: Eval Result: F1: 0.8595, P: 0.8289, R: 0.8924
2021-12-14 18:24:53,498:INFO: Epoch 66/100
2021-12-14 18:28:41,329:INFO: Training Avg Loss: 0.000007, tab(0.000000)*10.0, rel(0.000082)*0.0, ent(0.000040)*0.1, cor(0.054496)*0.0
2021-12-14 18:29:49,256:INFO: Eval Result: F1: 0.8567, P: 0.8341, R: 0.8806
2021-12-14 18:29:49,256:INFO: Epoch 67/100
2021-12-14 18:33:24,162:INFO: Training Avg Loss: 0.000007, tab(0.000000)*10.0, rel(0.000089)*0.0, ent(0.000037)*0.1, cor(0.051642)*0.0
2021-12-14 18:34:25,329:INFO: Eval Result: F1: 0.8828, P: 0.8718, R: 0.8940
2021-12-14 18:34:25,329:INFO: Epoch 68/100
2021-12-14 18:38:08,099:INFO: Training Avg Loss: 0.000014, tab(0.000001)*10.0, rel(0.000142)*0.0, ent(0.000043)*0.1, cor(0.051582)*0.0
2021-12-14 18:39:15,380:INFO: Eval Result: F1: 0.8711, P: 0.8467, R: 0.8970
2021-12-14 18:39:15,380:INFO: Epoch 69/100
2021-12-14 18:43:00,285:INFO: Training Avg Loss: 0.000009, tab(0.000000)*10.0, rel(0.000117)*0.0, ent(0.000040)*0.1, cor(0.049922)*0.0
2021-12-14 18:44:07,640:INFO: Eval Result: F1: 0.8838, P: 0.8625, R: 0.9061
2021-12-14 18:44:07,640:INFO: Epoch 70/100
2021-12-14 18:47:59,181:INFO: Training Avg Loss: 0.000006, tab(0.000000)*10.0, rel(0.000067)*0.0, ent(0.000033)*0.1, cor(0.051477)*0.0
2021-12-14 18:49:02,631:INFO: Eval Result: F1: 0.8715, P: 0.8488, R: 0.8953
2021-12-14 18:49:02,631:INFO: Epoch 71/100
2021-12-14 18:52:46,832:INFO: Training Avg Loss: 0.000006, tab(0.000000)*10.0, rel(0.000073)*0.0, ent(0.000033)*0.1, cor(0.052049)*0.0
2021-12-14 18:53:43,057:INFO: Eval Result: F1: 0.8650, P: 0.8428, R: 0.8884
2021-12-14 18:53:43,057:INFO: Epoch 72/100
2021-12-14 18:57:28,459:INFO: Training Avg Loss: 0.000005, tab(0.000000)*10.0, rel(0.000077)*0.0, ent(0.000028)*0.1, cor(0.053412)*0.0
2021-12-14 18:58:33,268:INFO: Eval Result: F1: 0.8846, P: 0.8724, R: 0.8972
2021-12-14 18:58:33,268:WARNING: Find new best F1 >>> (0.8846)
2021-12-14 18:58:33,268:INFO: Epoch 73/100
2021-12-14 19:01:41,040:INFO: Training Avg Loss: 0.000007, tab(0.000000)*10.0, rel(0.000069)*0.0, ent(0.000030)*0.1, cor(0.054230)*0.0
2021-12-14 19:02:35,344:INFO: Eval Result: F1: 0.8560, P: 0.8359, R: 0.8771
2021-12-14 19:02:35,344:INFO: Epoch 74/100
2021-12-14 19:05:22,968:INFO: Training Avg Loss: 0.000005, tab(0.000000)*10.0, rel(0.000039)*0.0, ent(0.000027)*0.1, cor(0.050914)*0.0
2021-12-14 19:06:22,253:INFO: Eval Result: F1: 0.8842, P: 0.8646, R: 0.9047
2021-12-14 19:06:22,254:INFO: Epoch 75/100
2021-12-14 19:09:29,662:INFO: Training Avg Loss: 0.000005, tab(0.000000)*10.0, rel(0.000060)*0.0, ent(0.000025)*0.1, cor(0.050007)*0.0
2021-12-14 19:10:36,309:INFO: Eval Result: F1: 0.8831, P: 0.8660, R: 0.9008
2021-12-14 19:10:36,309:INFO: Epoch 76/100
2021-12-14 19:13:48,005:INFO: Training Avg Loss: 0.000005, tab(0.000000)*10.0, rel(0.000064)*0.0, ent(0.000027)*0.1, cor(0.051935)*0.0
2021-12-14 19:14:46,878:INFO: Eval Result: F1: 0.8915, P: 0.8702, R: 0.9140
2021-12-14 19:14:46,879:WARNING: Find new best F1 >>> (0.8915)
2021-12-14 19:14:46,879:INFO: Epoch 77/100
2021-12-14 19:17:51,712:INFO: Training Avg Loss: 0.000006, tab(0.000000)*10.0, rel(0.000080)*0.0, ent(0.000026)*0.1, cor(0.053320)*0.0
2021-12-14 19:18:51,097:INFO: Eval Result: F1: 0.8579, P: 0.8291, R: 0.8889
2021-12-14 19:18:51,097:INFO: Epoch 78/100
2021-12-14 19:21:55,501:INFO: Training Avg Loss: 0.000005, tab(0.000000)*10.0, rel(0.000052)*0.0, ent(0.000025)*0.1, cor(0.052164)*0.0
2021-12-14 19:22:56,457:INFO: Eval Result: F1: 0.8796, P: 0.8565, R: 0.9039
2021-12-14 19:22:56,457:INFO: Epoch 79/100
2021-12-14 19:25:58,422:INFO: Training Avg Loss: 0.000004, tab(0.000000)*10.0, rel(0.000052)*0.0, ent(0.000024)*0.1, cor(0.051616)*0.0
2021-12-14 19:27:00,637:INFO: Eval Result: F1: 0.8708, P: 0.8593, R: 0.8826
2021-12-14 19:27:00,637:INFO: Epoch 80/100
2021-12-14 19:30:04,971:INFO: Training Avg Loss: 0.000004, tab(0.000000)*10.0, rel(0.000040)*0.0, ent(0.000022)*0.1, cor(0.053344)*0.0
2021-12-14 19:31:10,312:INFO: Eval Result: F1: 0.8819, P: 0.8647, R: 0.8997
2021-12-14 19:31:10,312:INFO: Epoch 81/100
2021-12-14 19:34:14,204:INFO: Training Avg Loss: 0.000004, tab(0.000000)*10.0, rel(0.000039)*0.0, ent(0.000022)*0.1, cor(0.052909)*0.0
2021-12-14 19:35:05,838:INFO: Eval Result: F1: 0.8867, P: 0.8736, R: 0.9003
2021-12-14 19:35:05,838:INFO: Epoch 82/100
2021-12-14 19:38:06,447:INFO: Training Avg Loss: 0.000004, tab(0.000000)*10.0, rel(0.000039)*0.0, ent(0.000022)*0.1, cor(0.053467)*0.0
2021-12-14 19:39:09,146:INFO: Eval Result: F1: 0.8782, P: 0.8601, R: 0.8972
2021-12-14 19:39:09,146:INFO: Epoch 83/100
2021-12-14 19:41:43,793:INFO: Training Avg Loss: 0.000003, tab(0.000000)*10.0, rel(0.000049)*0.0, ent(0.000021)*0.1, cor(0.053309)*0.0
2021-12-14 19:42:43,346:INFO: Eval Result: F1: 0.8813, P: 0.8625, R: 0.9009
2021-12-14 19:42:43,346:INFO: Epoch 84/100
2021-12-14 19:45:29,022:INFO: Training Avg Loss: 0.000004, tab(0.000000)*10.0, rel(0.000032)*0.0, ent(0.000021)*0.1, cor(0.052838)*0.0
2021-12-14 19:46:24,064:INFO: Eval Result: F1: 0.8880, P: 0.8685, R: 0.9083
2021-12-14 19:46:24,064:INFO: Epoch 85/100
2021-12-14 19:49:40,219:INFO: Training Avg Loss: 0.000004, tab(0.000000)*10.0, rel(0.000031)*0.0, ent(0.000021)*0.1, cor(0.051361)*0.0
2021-12-14 19:50:39,300:INFO: Eval Result: F1: 0.8916, P: 0.8806, R: 0.9029
2021-12-14 19:50:39,300:WARNING: Find new best F1 >>> (0.8916)
2021-12-14 19:50:39,300:INFO: Epoch 86/100
2021-12-14 19:54:06,656:INFO: Training Avg Loss: 0.000003, tab(0.000000)*10.0, rel(0.000026)*0.0, ent(0.000020)*0.1, cor(0.051600)*0.0
2021-12-14 19:55:06,763:INFO: Eval Result: F1: 0.8771, P: 0.8641, R: 0.8904
2021-12-14 19:55:06,763:INFO: Epoch 87/100
2021-12-14 19:58:35,310:INFO: Training Avg Loss: 0.000003, tab(0.000000)*10.0, rel(0.000033)*0.0, ent(0.000020)*0.1, cor(0.053695)*0.0
2021-12-14 19:59:43,601:INFO: Eval Result: F1: 0.8887, P: 0.8819, R: 0.8956
2021-12-14 19:59:43,601:INFO: Epoch 88/100
2021-12-14 20:03:18,076:INFO: Training Avg Loss: 0.000003, tab(0.000000)*10.0, rel(0.000028)*0.0, ent(0.000020)*0.1, cor(0.053344)*0.0
2021-12-14 20:04:22,706:INFO: Eval Result: F1: 0.8750, P: 0.8553, R: 0.8957
2021-12-14 20:04:22,706:INFO: Epoch 89/100
2021-12-14 20:07:53,582:INFO: Training Avg Loss: 0.000004, tab(0.000000)*10.0, rel(0.000030)*0.0, ent(0.000020)*0.1, cor(0.054739)*0.0
2021-12-14 20:09:03,609:INFO: Eval Result: F1: 0.8866, P: 0.8630, R: 0.9115
2021-12-14 20:09:03,609:INFO: Epoch 90/100
2021-12-14 20:12:54,271:INFO: Training Avg Loss: 0.000004, tab(0.000000)*10.0, rel(0.000032)*0.0, ent(0.000019)*0.1, cor(0.051016)*0.0
2021-12-14 20:13:53,736:INFO: Eval Result: F1: 0.8816, P: 0.8648, R: 0.8990
2021-12-14 20:13:53,736:INFO: Epoch 91/100
2021-12-14 20:16:36,982:INFO: Training Avg Loss: 0.000003, tab(0.000000)*10.0, rel(0.000025)*0.0, ent(0.000019)*0.1, cor(0.052740)*0.0
2021-12-14 20:17:41,029:INFO: Eval Result: F1: 0.8744, P: 0.8544, R: 0.8954
2021-12-14 20:17:41,029:INFO: Epoch 92/100
2021-12-14 20:20:32,107:INFO: Training Avg Loss: 0.000003, tab(0.000000)*10.0, rel(0.000031)*0.0, ent(0.000020)*0.1, cor(0.050427)*0.0
2021-12-14 20:21:31,518:INFO: Eval Result: F1: 0.8960, P: 0.8787, R: 0.9140
2021-12-14 20:21:31,518:WARNING: Find new best F1 >>> (0.8960)
2021-12-14 20:21:31,518:INFO: Epoch 93/100
2021-12-14 20:24:44,427:INFO: Training Avg Loss: 0.000003, tab(0.000000)*10.0, rel(0.000023)*0.0, ent(0.000019)*0.1, cor(0.052693)*0.0
2021-12-14 20:25:47,668:INFO: Eval Result: F1: 0.8716, P: 0.8559, R: 0.8879
2021-12-14 20:25:47,668:INFO: Epoch 94/100
2021-12-14 20:29:26,586:INFO: Training Avg Loss: 0.000003, tab(0.000000)*10.0, rel(0.000031)*0.0, ent(0.000020)*0.1, cor(0.052021)*0.0
2021-12-14 20:30:32,130:INFO: Eval Result: F1: 0.8699, P: 0.8485, R: 0.8924
2021-12-14 20:30:32,130:INFO: Epoch 95/100
2021-12-14 20:33:09,296:INFO: Training Avg Loss: 0.000003, tab(0.000000)*10.0, rel(0.000029)*0.0, ent(0.000018)*0.1, cor(0.053638)*0.0
2021-12-14 20:34:12,337:INFO: Eval Result: F1: 0.8729, P: 0.8588, R: 0.8875
2021-12-14 20:34:12,337:INFO: Epoch 96/100
2021-12-14 20:36:52,054:INFO: Training Avg Loss: 0.000002, tab(0.000000)*10.0, rel(0.000026)*0.0, ent(0.000019)*0.1, cor(0.052821)*0.0
2021-12-14 20:37:56,717:INFO: Eval Result: F1: 0.8845, P: 0.8707, R: 0.8987
2021-12-14 20:37:56,717:INFO: Epoch 97/100
2021-12-14 20:40:56,667:INFO: Training Avg Loss: 0.000003, tab(0.000000)*10.0, rel(0.000025)*0.0, ent(0.000019)*0.1, cor(0.052871)*0.0
2021-12-14 20:42:04,769:INFO: Eval Result: F1: 0.8598, P: 0.8468, R: 0.8732
2021-12-14 20:42:04,769:INFO: Epoch 98/100
2021-12-14 20:46:07,117:INFO: Training Avg Loss: 0.000003, tab(0.000000)*10.0, rel(0.000037)*0.0, ent(0.000020)*0.1, cor(0.051908)*0.0
2021-12-14 20:47:14,512:INFO: Eval Result: F1: 0.8583, P: 0.8437, R: 0.8735
2021-12-14 20:47:14,512:INFO: Epoch 99/100
2021-12-14 20:51:12,349:INFO: Training Avg Loss: 0.000003, tab(0.000000)*10.0, rel(0.000036)*0.0, ent(0.000019)*0.1, cor(0.053241)*0.0
2021-12-14 20:52:15,293:INFO: Eval Result: F1: 0.8719, P: 0.8478, R: 0.8973
2021-12-14 20:52:15,293:INFO: Epoch 100/100
2021-12-14 20:56:14,014:INFO: Training Avg Loss: 0.000003, tab(0.000000)*10.0, rel(0.000033)*0.0, ent(0.000020)*0.1, cor(0.053234)*0.0
2021-12-14 20:57:12,280:INFO: Eval Result: F1: 0.8898, P: 0.8682, R: 0.9125
2021-12-14 20:57:12,280:INFO: Final evaluate in 'test set':
2021-12-14 20:58:40,490:INFO: Eval Result: F1: 0.8772, P: 0.8701, R: 0.8844
2021-12-14 20:58:40,490:WARNING: 


Final Result: 
Val Best F1 Score is (0.895981), Test F1 Score is (0.877225)
