2021-11-27 10:57:55,318:INFO: 
Running with the following arguments:
 >> index : 2021-11-27_10-57-54-temp
 >> corpus_type : WebNLG
 >> device_id : 1
 >> epoch_num : 100
 >> batch_size : 6
 >> use_symmetries : None
 >> use_feature_enchanced : True
 >> use_negative_mask : False
 >> set_rel_level : maxpooling
 >> set_ent_level : sent
 >> set_table_calc : mul

2021-11-27 10:57:55,318:INFO: 
Configs: 
 >> early_stop: 30
 >> seed: 12138
 >> hidden_size: 768
 >> max_text_len: 150
 >> drop_prob: 0.3
 >> data_dir: data/WebNLG
 >> log_dir: logs/2021-11-27_10-57-54-temp
 >> model_dir: models/2021-11-27_10-57-54-temp
 >> log_path: logs/2021-11-27_10-57-54-temp/train.log
 >> bert_model_dir: ../Bert/bert-base-cased
 >> rel_num: 216
 >> fin_tuning_lr: 0.0001
 >> downs_en_lr: 0.001
 >> clip_grad: 2.0
 >> weight_decay_rate: 0.01
 >> warmup_prop: 0.1

2021-11-27 10:58:01,145:INFO: Epoch 1/100
2021-11-27 10:59:59,584:INFO: Eval Result: F1: 0.0000, P: 1.0000, R: 0.0000
2021-11-27 10:59:59,614:WARNING: Find new best F1 0.0000
2021-11-27 10:59:59,614:INFO: Epoch 2/100
2021-11-27 11:01:59,286:INFO: Eval Result: F1: 0.0256, P: 0.0627, R: 0.0161
2021-11-27 11:01:59,318:WARNING: Find new best F1 0.0256
2021-11-27 11:01:59,319:INFO: Epoch 3/100
2021-11-27 11:04:25,307:INFO: Eval Result: F1: 0.3022, P: 0.2690, R: 0.3448
2021-11-27 11:04:25,347:WARNING: Find new best F1 0.3022
2021-11-27 11:04:25,347:INFO: Epoch 4/100
2021-11-27 11:06:20,915:INFO: Eval Result: F1: 0.0000, P: 1.0000, R: 0.0000
2021-11-27 11:06:20,945:INFO: Epoch 5/100
2021-11-27 11:08:49,923:INFO: Eval Result: F1: 0.3831, P: 0.3504, R: 0.4224
2021-11-27 11:08:49,962:WARNING: Find new best F1 0.3831
2021-11-27 11:08:49,962:INFO: Epoch 6/100
2021-11-27 11:11:31,907:INFO: Eval Result: F1: 0.5250, P: 0.4635, R: 0.6053
2021-11-27 11:11:31,946:WARNING: Find new best F1 0.5250
2021-11-27 11:11:31,947:INFO: Epoch 7/100
2021-11-27 11:14:14,305:INFO: Eval Result: F1: 0.6261, P: 0.5510, R: 0.7249
2021-11-27 11:14:14,344:WARNING: Find new best F1 0.6261
2021-11-27 11:14:14,344:INFO: Epoch 8/100
2021-11-27 11:16:53,991:INFO: Eval Result: F1: 0.6335, P: 0.5780, R: 0.7009
2021-11-27 11:16:54,030:WARNING: Find new best F1 0.6335
2021-11-27 11:16:54,030:INFO: Epoch 9/100
2021-11-27 11:19:38,066:INFO: Eval Result: F1: 0.6622, P: 0.6065, R: 0.7291
2021-11-27 11:19:38,105:WARNING: Find new best F1 0.6622
2021-11-27 11:19:38,105:INFO: Epoch 10/100
2021-11-27 11:22:16,336:INFO: Eval Result: F1: 0.6120, P: 0.5700, R: 0.6606
2021-11-27 11:22:16,373:INFO: Epoch 11/100
2021-11-27 11:24:55,213:INFO: Eval Result: F1: 0.6684, P: 0.6088, R: 0.7409
2021-11-27 11:24:55,251:WARNING: Find new best F1 0.6684
2021-11-27 11:24:55,251:INFO: Epoch 12/100
2021-11-27 11:27:42,515:INFO: Eval Result: F1: 0.6846, P: 0.6180, R: 0.7672
2021-11-27 11:27:42,555:WARNING: Find new best F1 0.6846
2021-11-27 11:27:42,555:INFO: Epoch 13/100
2021-11-27 11:30:22,987:INFO: Eval Result: F1: 0.6801, P: 0.5834, R: 0.8153
2021-11-27 11:30:23,025:INFO: Epoch 14/100
2021-11-27 11:33:10,184:INFO: Eval Result: F1: 0.6840, P: 0.6090, R: 0.7801
2021-11-27 11:33:10,223:INFO: Epoch 15/100
2021-11-27 11:35:58,712:INFO: Eval Result: F1: 0.7435, P: 0.6912, R: 0.8043
2021-11-27 11:35:58,750:WARNING: Find new best F1 0.7435
2021-11-27 11:35:58,750:INFO: Epoch 16/100
2021-11-27 11:38:41,063:INFO: Eval Result: F1: 0.7206, P: 0.6603, R: 0.7931
2021-11-27 11:38:41,101:INFO: Epoch 17/100
2021-11-27 11:41:26,561:INFO: Eval Result: F1: 0.7505, P: 0.7107, R: 0.7951
2021-11-27 11:41:26,600:WARNING: Find new best F1 0.7505
2021-11-27 11:41:26,600:INFO: Epoch 18/100
2021-11-27 11:44:07,146:INFO: Eval Result: F1: 0.7333, P: 0.6874, R: 0.7858
2021-11-27 11:44:07,183:INFO: Epoch 19/100
2021-11-27 11:46:54,929:INFO: Eval Result: F1: 0.7656, P: 0.7108, R: 0.8296
2021-11-27 11:46:54,967:WARNING: Find new best F1 0.7656
2021-11-27 11:46:54,967:INFO: Epoch 20/100
2021-11-27 11:49:34,462:INFO: Eval Result: F1: 0.6687, P: 0.6151, R: 0.7325
2021-11-27 11:49:34,500:INFO: Epoch 21/100
2021-11-27 11:52:21,048:INFO: Eval Result: F1: 0.7675, P: 0.7234, R: 0.8172
2021-11-27 11:52:21,086:WARNING: Find new best F1 0.7675
2021-11-27 11:52:21,086:INFO: Epoch 22/100
2021-11-27 11:55:07,163:INFO: Eval Result: F1: 0.7782, P: 0.7377, R: 0.8234
2021-11-27 11:55:07,201:WARNING: Find new best F1 0.7782
2021-11-27 11:55:07,202:INFO: Epoch 23/100
2021-11-27 11:57:54,577:INFO: Eval Result: F1: 0.7438, P: 0.6712, R: 0.8339
2021-11-27 11:57:54,615:INFO: Epoch 24/100
2021-11-27 12:00:36,398:INFO: Eval Result: F1: 0.7450, P: 0.6864, R: 0.8144
2021-11-27 12:00:36,436:INFO: Epoch 25/100
2021-11-27 12:03:19,040:INFO: Eval Result: F1: 0.8238, P: 0.7991, R: 0.8500
2021-11-27 12:03:19,078:WARNING: Find new best F1 0.8238
2021-11-27 12:03:19,078:INFO: Epoch 26/100
2021-11-27 12:06:05,190:INFO: Eval Result: F1: 0.7920, P: 0.7537, R: 0.8343
2021-11-27 12:06:05,228:INFO: Epoch 27/100
2021-11-27 12:08:52,420:INFO: Eval Result: F1: 0.7995, P: 0.7660, R: 0.8362
2021-11-27 12:08:52,457:INFO: Epoch 28/100
2021-11-27 12:11:41,348:INFO: Eval Result: F1: 0.7989, P: 0.7752, R: 0.8241
2021-11-27 12:11:41,395:INFO: Epoch 29/100
2021-11-27 12:14:31,257:INFO: Eval Result: F1: 0.8106, P: 0.7810, R: 0.8425
2021-11-27 12:14:31,295:INFO: Epoch 30/100
2021-11-27 12:17:13,512:INFO: Eval Result: F1: 0.8147, P: 0.7855, R: 0.8462
2021-11-27 12:17:13,548:INFO: Epoch 31/100
2021-11-27 12:19:52,892:INFO: Eval Result: F1: 0.7963, P: 0.7767, R: 0.8168
2021-11-27 12:19:52,928:INFO: Epoch 32/100
2021-11-27 12:22:33,091:INFO: Eval Result: F1: 0.8286, P: 0.7945, R: 0.8658
2021-11-27 12:22:33,127:WARNING: Find new best F1 0.8286
2021-11-27 12:22:33,127:INFO: Epoch 33/100
2021-11-27 12:25:19,937:INFO: Eval Result: F1: 0.8222, P: 0.7929, R: 0.8538
2021-11-27 12:25:19,975:INFO: Epoch 34/100
2021-11-27 12:27:59,421:INFO: Eval Result: F1: 0.7418, P: 0.6805, R: 0.8151
2021-11-27 12:27:59,459:INFO: Epoch 35/100
2021-11-27 12:30:35,453:INFO: Eval Result: F1: 0.7838, P: 0.7454, R: 0.8263
2021-11-27 12:30:35,490:INFO: Epoch 36/100
2021-11-27 12:33:14,327:INFO: Eval Result: F1: 0.8319, P: 0.7887, R: 0.8801
2021-11-27 12:33:14,364:WARNING: Find new best F1 0.8319
2021-11-27 12:33:14,364:INFO: Epoch 37/100
2021-11-27 12:35:56,154:INFO: Eval Result: F1: 0.8524, P: 0.8310, R: 0.8749
2021-11-27 12:35:56,190:WARNING: Find new best F1 0.8524
2021-11-27 12:35:56,190:INFO: Epoch 38/100
2021-11-27 12:38:39,463:INFO: Eval Result: F1: 0.7976, P: 0.7456, R: 0.8574
2021-11-27 12:38:39,501:INFO: Epoch 39/100
2021-11-27 12:41:21,349:INFO: Eval Result: F1: 0.8118, P: 0.7548, R: 0.8781
2021-11-27 12:41:21,386:INFO: Epoch 40/100
2021-11-27 12:44:04,602:INFO: Eval Result: F1: 0.7878, P: 0.7578, R: 0.8202
2021-11-27 12:44:04,640:INFO: Epoch 41/100
2021-11-27 12:46:44,583:INFO: Eval Result: F1: 0.8254, P: 0.7815, R: 0.8745
2021-11-27 12:46:44,620:INFO: Epoch 42/100
2021-11-27 12:49:28,266:INFO: Eval Result: F1: 0.8451, P: 0.8105, R: 0.8827
2021-11-27 12:49:28,304:INFO: Epoch 43/100
2021-11-27 12:52:14,439:INFO: Eval Result: F1: 0.7985, P: 0.7491, R: 0.8548
2021-11-27 12:52:14,476:INFO: Epoch 44/100
2021-11-27 12:54:55,718:INFO: Eval Result: F1: 0.8346, P: 0.8002, R: 0.8722
2021-11-27 12:54:55,754:INFO: Epoch 45/100
2021-11-27 12:57:40,624:INFO: Eval Result: F1: 0.8257, P: 0.7806, R: 0.8764
2021-11-27 12:57:40,661:INFO: Epoch 46/100
2021-11-27 13:00:20,150:INFO: Eval Result: F1: 0.8113, P: 0.7664, R: 0.8618
2021-11-27 13:00:20,186:INFO: Epoch 47/100
2021-11-27 13:03:04,861:INFO: Eval Result: F1: 0.8269, P: 0.7827, R: 0.8763
2021-11-27 13:03:04,898:INFO: Epoch 48/100
2021-11-27 13:05:52,054:INFO: Eval Result: F1: 0.8287, P: 0.7908, R: 0.8705
2021-11-27 13:05:52,090:INFO: Epoch 49/100
2021-11-27 13:08:39,876:INFO: Eval Result: F1: 0.8558, P: 0.8295, R: 0.8838
2021-11-27 13:08:39,912:WARNING: Find new best F1 0.8558
2021-11-27 13:08:39,912:INFO: Epoch 50/100
2021-11-27 13:11:25,573:INFO: Eval Result: F1: 0.8398, P: 0.8048, R: 0.8780
2021-11-27 13:11:25,612:INFO: Epoch 51/100
2021-11-27 13:14:14,953:INFO: Eval Result: F1: 0.8574, P: 0.8370, R: 0.8788
2021-11-27 13:14:14,991:WARNING: Find new best F1 0.8574
2021-11-27 13:14:14,991:INFO: Epoch 52/100
2021-11-27 13:17:03,004:INFO: Eval Result: F1: 0.8509, P: 0.8284, R: 0.8745
2021-11-27 13:17:03,051:INFO: Epoch 53/100
2021-11-27 13:19:41,447:INFO: Eval Result: F1: 0.8591, P: 0.8388, R: 0.8803
2021-11-27 13:19:41,483:WARNING: Find new best F1 0.8591
2021-11-27 13:19:41,483:INFO: Epoch 54/100
2021-11-27 13:22:17,217:INFO: Eval Result: F1: 0.8541, P: 0.8296, R: 0.8801
2021-11-27 13:22:17,253:INFO: Epoch 55/100
2021-11-27 13:25:01,731:INFO: Eval Result: F1: 0.8491, P: 0.8337, R: 0.8651
2021-11-27 13:25:01,769:INFO: Epoch 56/100
2021-11-27 13:27:47,017:INFO: Eval Result: F1: 0.8302, P: 0.7973, R: 0.8661
2021-11-27 13:27:47,054:INFO: Epoch 57/100
2021-11-27 13:30:35,053:INFO: Eval Result: F1: 0.8404, P: 0.8091, R: 0.8742
2021-11-27 13:30:35,091:INFO: Epoch 58/100
2021-11-27 13:33:22,821:INFO: Eval Result: F1: 0.8317, P: 0.7968, R: 0.8698
2021-11-27 13:33:22,859:INFO: Epoch 59/100
2021-11-27 13:36:07,058:INFO: Eval Result: F1: 0.8578, P: 0.8306, R: 0.8869
2021-11-27 13:36:07,095:INFO: Epoch 60/100
2021-11-27 13:38:51,803:INFO: Eval Result: F1: 0.8374, P: 0.8097, R: 0.8670
2021-11-27 13:38:51,840:INFO: Epoch 61/100
2021-11-27 13:41:33,730:INFO: Eval Result: F1: 0.8360, P: 0.8040, R: 0.8707
2021-11-27 13:41:33,766:INFO: Epoch 62/100
2021-11-27 13:44:15,776:INFO: Eval Result: F1: 0.8452, P: 0.8221, R: 0.8697
2021-11-27 13:44:15,813:INFO: Epoch 63/100
2021-11-27 13:46:56,441:INFO: Eval Result: F1: 0.8548, P: 0.8262, R: 0.8855
2021-11-27 13:46:56,478:INFO: Epoch 64/100
2021-11-27 13:49:40,009:INFO: Eval Result: F1: 0.8646, P: 0.8383, R: 0.8926
2021-11-27 13:49:40,046:WARNING: Find new best F1 0.8646
2021-11-27 13:49:40,046:INFO: Epoch 65/100
2021-11-27 13:52:25,446:INFO: Eval Result: F1: 0.8650, P: 0.8558, R: 0.8743
2021-11-27 13:52:25,482:WARNING: Find new best F1 0.8650
2021-11-27 13:52:25,482:INFO: Epoch 66/100
2021-11-27 13:55:06,484:INFO: Eval Result: F1: 0.8527, P: 0.8318, R: 0.8747
2021-11-27 13:55:06,521:INFO: Epoch 67/100
2021-11-27 13:57:50,913:INFO: Eval Result: F1: 0.8654, P: 0.8404, R: 0.8919
2021-11-27 13:57:50,950:WARNING: Find new best F1 0.8654
2021-11-27 13:57:50,950:INFO: Epoch 68/100
2021-11-27 14:00:30,594:INFO: Eval Result: F1: 0.8554, P: 0.8337, R: 0.8782
2021-11-27 14:00:30,630:INFO: Epoch 69/100
2021-11-27 14:03:14,858:INFO: Eval Result: F1: 0.8638, P: 0.8407, R: 0.8883
2021-11-27 14:03:14,894:INFO: Epoch 70/100
2021-11-27 14:05:54,496:INFO: Eval Result: F1: 0.8763, P: 0.8551, R: 0.8985
2021-11-27 14:05:54,532:WARNING: Find new best F1 0.8763
2021-11-27 14:05:54,532:INFO: Epoch 71/100
2021-11-27 14:08:47,483:INFO: Eval Result: F1: 0.8636, P: 0.8432, R: 0.8850
2021-11-27 14:08:47,520:INFO: Epoch 72/100
2021-11-27 14:11:29,572:INFO: Eval Result: F1: 0.8647, P: 0.8550, R: 0.8746
2021-11-27 14:11:29,609:INFO: Epoch 73/100
2021-11-27 14:14:09,327:INFO: Eval Result: F1: 0.8633, P: 0.8359, R: 0.8924
2021-11-27 14:14:09,363:INFO: Epoch 74/100
2021-11-27 14:16:53,368:INFO: Eval Result: F1: 0.8851, P: 0.8662, R: 0.9049
2021-11-27 14:16:53,404:WARNING: Find new best F1 0.8851
2021-11-27 14:16:53,404:INFO: Epoch 75/100
2021-11-27 14:19:40,566:INFO: Eval Result: F1: 0.8627, P: 0.8476, R: 0.8782
2021-11-27 14:19:40,603:INFO: Epoch 76/100
2021-11-27 14:22:23,227:INFO: Eval Result: F1: 0.8735, P: 0.8654, R: 0.8818
2021-11-27 14:22:23,263:INFO: Epoch 77/100
2021-11-27 14:25:07,480:INFO: Eval Result: F1: 0.8707, P: 0.8440, R: 0.8990
2021-11-27 14:25:07,517:INFO: Epoch 78/100
2021-11-27 14:27:47,536:INFO: Eval Result: F1: 0.8422, P: 0.8113, R: 0.8756
2021-11-27 14:27:47,571:INFO: Epoch 79/100
2021-11-27 14:30:30,737:INFO: Eval Result: F1: 0.8548, P: 0.8302, R: 0.8809
2021-11-27 14:30:30,773:INFO: Epoch 80/100
2021-11-27 14:33:16,344:INFO: Eval Result: F1: 0.8897, P: 0.8643, R: 0.9166
2021-11-27 14:33:16,381:WARNING: Find new best F1 0.8897
2021-11-27 14:33:16,381:INFO: Epoch 81/100
2021-11-27 14:35:53,402:INFO: Eval Result: F1: 0.8622, P: 0.8361, R: 0.8899
2021-11-27 14:35:53,438:INFO: Epoch 82/100
2021-11-27 14:38:33,190:INFO: Eval Result: F1: 0.8652, P: 0.8374, R: 0.8949
2021-11-27 14:38:33,227:INFO: Epoch 83/100
2021-11-27 14:41:17,042:INFO: Eval Result: F1: 0.8334, P: 0.8095, R: 0.8588
2021-11-27 14:41:17,078:INFO: Epoch 84/100
2021-11-27 14:43:55,877:INFO: Eval Result: F1: 0.8454, P: 0.8192, R: 0.8734
2021-11-27 14:43:55,914:INFO: Epoch 85/100
2021-11-27 14:46:45,658:INFO: Eval Result: F1: 0.8722, P: 0.8498, R: 0.8958
2021-11-27 14:46:45,694:INFO: Epoch 86/100
2021-11-27 14:49:28,895:INFO: Eval Result: F1: 0.8615, P: 0.8366, R: 0.8880
2021-11-27 14:49:28,932:INFO: Epoch 87/100
2021-11-27 14:52:08,889:INFO: Eval Result: F1: 0.8584, P: 0.8336, R: 0.8847
2021-11-27 14:52:08,926:INFO: Epoch 88/100
2021-11-27 14:54:51,701:INFO: Eval Result: F1: 0.8443, P: 0.8208, R: 0.8690
2021-11-27 14:54:51,738:INFO: Epoch 89/100
2021-11-27 14:57:32,771:INFO: Eval Result: F1: 0.8541, P: 0.8367, R: 0.8723
2021-11-27 14:57:32,807:INFO: Epoch 90/100
2021-11-27 15:00:13,832:INFO: Eval Result: F1: 0.8680, P: 0.8461, R: 0.8911
2021-11-27 15:00:13,868:INFO: Epoch 91/100
2021-11-27 15:02:57,838:INFO: Eval Result: F1: 0.8702, P: 0.8493, R: 0.8921
2021-11-27 15:02:57,874:INFO: Epoch 92/100
2021-11-27 15:05:36,579:INFO: Eval Result: F1: 0.8381, P: 0.8203, R: 0.8568
2021-11-27 15:05:36,616:INFO: Epoch 93/100
2021-11-27 15:08:20,306:INFO: Eval Result: F1: 0.8658, P: 0.8404, R: 0.8927
2021-11-27 15:08:20,342:INFO: Epoch 94/100
2021-11-27 15:11:03,379:INFO: Eval Result: F1: 0.8694, P: 0.8424, R: 0.8982
2021-11-27 15:11:03,415:INFO: Epoch 95/100
2021-11-27 15:13:45,711:INFO: Eval Result: F1: 0.8585, P: 0.8303, R: 0.8887
2021-11-27 15:13:45,747:INFO: Epoch 96/100
2021-11-27 15:16:32,099:INFO: Eval Result: F1: 0.8421, P: 0.8226, R: 0.8625
2021-11-27 15:16:32,135:INFO: Epoch 97/100
2021-11-27 15:19:15,394:INFO: Eval Result: F1: 0.8611, P: 0.8374, R: 0.8863
2021-11-27 15:19:15,431:INFO: Epoch 98/100
2021-11-27 15:22:02,983:INFO: Eval Result: F1: 0.8588, P: 0.8341, R: 0.8850
2021-11-27 15:22:03,020:INFO: Epoch 99/100
2021-11-27 15:24:42,581:INFO: Eval Result: F1: 0.8558, P: 0.8350, R: 0.8776
2021-11-27 15:24:42,617:INFO: Epoch 100/100
2021-11-27 15:27:25,354:INFO: Eval Result: F1: 0.8725, P: 0.8539, R: 0.8918
2021-11-27 15:27:25,390:WARNING: Final evaluate in 'test set':
2021-11-27 15:28:32,971:INFO: Eval Result: F1: 0.8901, P: 0.8879, R: 0.8923
