2021-12-14 22:14:24,045:INFO: 
Running with the following arguments:
 >> index : 2021-12-14_22-14-22-temp
 >> corpus_type : WebNLG
 >> device_id : 2
 >> epoch_num : 100
 >> batch_size : 6
 >> use_symmetries : None
 >> use_feature_enchanced : True
 >> use_negative_mask : False
 >> set_rel_level : maxpooling
 >> set_ent_level : sent_enchanced
 >> set_table_calc : mul
 >> tab_loss : 10.0
 >> rel_loss : 0.0
 >> ent_loss : 1.0
 >> cor_loss : 0.0

2021-12-14 22:14:24,046:INFO: 
Configs: 
 >> early_stop: 30
 >> seed: 12138
 >> hidden_size: 768
 >> max_text_len: 150
 >> drop_prob: 0.3
 >> data_dir: data/WebNLG
 >> log_dir: logs/2021-12-14_22-14-22-temp
 >> model_dir: models/2021-12-14_22-14-22-temp
 >> log_path: logs/2021-12-14_22-14-22-temp/train.log
 >> bert_model_dir: ../Bert/bert-base-cased
 >> rel_num: 216
 >> fin_tuning_lr: 0.0001
 >> downs_en_lr: 0.001
 >> clip_grad: 2.0
 >> weight_decay_rate: 0.01
 >> warmup_prop: 0.1

2021-12-14 22:14:30,853:INFO: Epoch 1/100
2021-12-14 22:18:06,586:INFO: Training Avg Loss: 0.237351, tab(0.017829)*10.0, rel(0.128032)*0.0, ent(0.059063)*1.0, cor(0.232623)*0.0
2021-12-14 22:18:08,792:INFO: Eval Result: F1: 0.0000, P: 1.0000, R: 0.0000
2021-12-14 22:18:08,792:WARNING: Find new best F1 >>> (0.0000)
2021-12-14 22:18:08,792:INFO: Epoch 2/100
2021-12-14 22:21:40,801:INFO: Training Avg Loss: 0.008545, tab(0.000401)*10.0, rel(0.054552)*0.0, ent(0.004538)*1.0, cor(0.163473)*0.0
2021-12-14 22:21:48,574:INFO: Eval Result: F1: 0.0302, P: 0.0472, R: 0.0222
2021-12-14 22:21:48,575:WARNING: Find new best F1 >>> (0.0302)
2021-12-14 22:21:48,575:INFO: Epoch 3/100
2021-12-14 22:25:11,689:INFO: Training Avg Loss: 0.004814, tab(0.000207)*10.0, rel(0.029186)*0.0, ent(0.002742)*1.0, cor(0.113667)*0.0
2021-12-14 22:26:04,550:INFO: Eval Result: F1: 0.3430, P: 0.2940, R: 0.4116
2021-12-14 22:26:04,550:WARNING: Find new best F1 >>> (0.3430)
2021-12-14 22:26:04,550:INFO: Epoch 4/100
2021-12-14 22:29:38,468:INFO: Training Avg Loss: 0.002641, tab(0.000109)*10.0, rel(0.016841)*0.0, ent(0.001548)*1.0, cor(0.083750)*0.0
2021-12-14 22:30:36,392:INFO: Eval Result: F1: 0.5597, P: 0.5273, R: 0.5964
2021-12-14 22:30:36,392:WARNING: Find new best F1 >>> (0.5597)
2021-12-14 22:30:36,392:INFO: Epoch 5/100
2021-12-14 22:34:13,883:INFO: Training Avg Loss: 0.001899, tab(0.000084)*10.0, rel(0.012084)*0.0, ent(0.001059)*1.0, cor(0.069511)*0.0
2021-12-14 22:35:15,387:INFO: Eval Result: F1: 0.6157, P: 0.5654, R: 0.6759
2021-12-14 22:35:15,388:WARNING: Find new best F1 >>> (0.6157)
2021-12-14 22:35:15,388:INFO: Epoch 6/100
2021-12-14 22:39:00,097:INFO: Training Avg Loss: 0.001540, tab(0.000070)*10.0, rel(0.009583)*0.0, ent(0.000837)*1.0, cor(0.053757)*0.0
2021-12-14 22:40:09,988:INFO: Eval Result: F1: 0.6234, P: 0.5524, R: 0.7153
2021-12-14 22:40:09,988:WARNING: Find new best F1 >>> (0.6234)
2021-12-14 22:40:09,989:INFO: Epoch 7/100
2021-12-14 22:43:40,546:INFO: Training Avg Loss: 0.001389, tab(0.000064)*10.0, rel(0.008577)*0.0, ent(0.000749)*1.0, cor(0.098067)*0.0
2021-12-14 22:44:55,521:INFO: Eval Result: F1: 0.6089, P: 0.5410, R: 0.6962
2021-12-14 22:44:55,521:INFO: Epoch 8/100
2021-12-14 22:48:26,263:INFO: Training Avg Loss: 0.001444, tab(0.000066)*10.0, rel(0.008811)*0.0, ent(0.000784)*1.0, cor(0.101773)*0.0
2021-12-14 22:49:30,743:INFO: Eval Result: F1: 0.6802, P: 0.6263, R: 0.7443
2021-12-14 22:49:30,743:WARNING: Find new best F1 >>> (0.6802)
2021-12-14 22:49:30,743:INFO: Epoch 9/100
2021-12-14 22:52:55,011:INFO: Training Avg Loss: 0.001372, tab(0.000062)*10.0, rel(0.008012)*0.0, ent(0.000754)*1.0, cor(0.145018)*0.0
2021-12-14 22:54:02,065:INFO: Eval Result: F1: 0.7049, P: 0.6575, R: 0.7597
2021-12-14 22:54:02,065:WARNING: Find new best F1 >>> (0.7049)
2021-12-14 22:54:02,065:INFO: Epoch 10/100
2021-12-14 22:57:16,110:INFO: Training Avg Loss: 0.001374, tab(0.000059)*10.0, rel(0.007409)*0.0, ent(0.000785)*1.0, cor(0.168507)*0.0
2021-12-14 22:58:27,188:INFO: Eval Result: F1: 0.6597, P: 0.6059, R: 0.7239
2021-12-14 22:58:27,188:INFO: Epoch 11/100
2021-12-14 23:01:56,995:INFO: Training Avg Loss: 0.001087, tab(0.000046)*10.0, rel(0.005893)*0.0, ent(0.000622)*1.0, cor(0.116437)*0.0
2021-12-14 23:02:55,468:INFO: Eval Result: F1: 0.6364, P: 0.6007, R: 0.6765
2021-12-14 23:02:55,468:INFO: Epoch 12/100
2021-12-14 23:06:34,774:INFO: Training Avg Loss: 0.001019, tab(0.000044)*10.0, rel(0.005136)*0.0, ent(0.000577)*1.0, cor(0.098953)*0.0
2021-12-14 23:07:44,672:INFO: Eval Result: F1: 0.6766, P: 0.6149, R: 0.7520
2021-12-14 23:07:44,672:INFO: Epoch 13/100
2021-12-14 23:11:22,836:INFO: Training Avg Loss: 0.000753, tab(0.000030)*10.0, rel(0.004401)*0.0, ent(0.000451)*1.0, cor(0.133105)*0.0
2021-12-14 23:12:35,131:INFO: Eval Result: F1: 0.7601, P: 0.7051, R: 0.8244
2021-12-14 23:12:35,132:WARNING: Find new best F1 >>> (0.7601)
2021-12-14 23:12:35,132:INFO: Epoch 14/100
2021-12-14 23:16:22,401:INFO: Training Avg Loss: 0.000990, tab(0.000043)*10.0, rel(0.004861)*0.0, ent(0.000563)*1.0, cor(0.139374)*0.0
2021-12-14 23:17:33,302:INFO: Eval Result: F1: 0.6816, P: 0.5989, R: 0.7909
2021-12-14 23:17:33,302:INFO: Epoch 15/100
2021-12-14 23:21:17,222:INFO: Training Avg Loss: 0.000828, tab(0.000034)*10.0, rel(0.004168)*0.0, ent(0.000486)*1.0, cor(0.226717)*0.0
2021-12-14 23:22:19,194:INFO: Eval Result: F1: 0.7548, P: 0.7062, R: 0.8105
2021-12-14 23:22:19,194:INFO: Epoch 16/100
2021-12-14 23:26:08,033:INFO: Training Avg Loss: 0.000670, tab(0.000027)*10.0, rel(0.003463)*0.0, ent(0.000400)*1.0, cor(0.184971)*0.0
2021-12-14 23:27:09,770:INFO: Eval Result: F1: 0.7540, P: 0.7193, R: 0.7923
2021-12-14 23:27:09,770:INFO: Epoch 17/100
2021-12-14 23:30:49,264:INFO: Training Avg Loss: 0.000762, tab(0.000031)*10.0, rel(0.003804)*0.0, ent(0.000452)*1.0, cor(0.113038)*0.0
2021-12-14 23:32:00,066:INFO: Eval Result: F1: 0.6461, P: 0.5691, R: 0.7472
2021-12-14 23:32:00,066:INFO: Epoch 18/100
2021-12-14 23:35:42,271:INFO: Training Avg Loss: 0.001003, tab(0.000043)*10.0, rel(0.004594)*0.0, ent(0.000570)*1.0, cor(0.181891)*0.0
2021-12-14 23:36:47,243:INFO: Eval Result: F1: 0.7666, P: 0.7074, R: 0.8365
2021-12-14 23:36:47,243:WARNING: Find new best F1 >>> (0.7666)
2021-12-14 23:36:47,244:INFO: Epoch 19/100
2021-12-14 23:40:45,323:INFO: Training Avg Loss: 0.000556, tab(0.000023)*10.0, rel(0.002870)*0.0, ent(0.000330)*1.0, cor(0.177576)*0.0
2021-12-14 23:41:49,315:INFO: Eval Result: F1: 0.7803, P: 0.7507, R: 0.8123
2021-12-14 23:41:49,315:WARNING: Find new best F1 >>> (0.7803)
2021-12-14 23:41:49,315:INFO: Epoch 20/100
2021-12-14 23:45:29,250:INFO: Training Avg Loss: 0.000915, tab(0.000031)*10.0, rel(0.004115)*0.0, ent(0.000602)*1.0, cor(0.193503)*0.0
2021-12-14 23:46:30,345:INFO: Eval Result: F1: 0.7286, P: 0.6826, R: 0.7814
2021-12-14 23:46:30,345:INFO: Epoch 21/100
2021-12-14 23:50:13,964:INFO: Training Avg Loss: 0.000789, tab(0.000029)*10.0, rel(0.003641)*0.0, ent(0.000500)*1.0, cor(0.146758)*0.0
2021-12-14 23:51:14,229:INFO: Eval Result: F1: 0.7386, P: 0.6804, R: 0.8078
2021-12-14 23:51:14,229:INFO: Epoch 22/100
2021-12-14 23:55:04,983:INFO: Training Avg Loss: 0.000591, tab(0.000023)*10.0, rel(0.002784)*0.0, ent(0.000360)*1.0, cor(0.104187)*0.0
2021-12-14 23:56:05,954:INFO: Eval Result: F1: 0.8054, P: 0.7686, R: 0.8459
2021-12-14 23:56:05,954:WARNING: Find new best F1 >>> (0.8054)
2021-12-14 23:56:05,954:INFO: Epoch 23/100
2021-12-14 23:59:52,695:INFO: Training Avg Loss: 0.000364, tab(0.000013)*10.0, rel(0.001790)*0.0, ent(0.000237)*1.0, cor(0.110434)*0.0
2021-12-15 00:01:00,635:INFO: Eval Result: F1: 0.7731, P: 0.7155, R: 0.8408
2021-12-15 00:01:00,635:INFO: Epoch 24/100
2021-12-15 00:04:56,877:INFO: Training Avg Loss: 0.000633, tab(0.000024)*10.0, rel(0.003346)*0.0, ent(0.000389)*1.0, cor(0.094769)*0.0
2021-12-15 00:06:00,872:INFO: Eval Result: F1: 0.7891, P: 0.7320, R: 0.8560
2021-12-15 00:06:00,873:INFO: Epoch 25/100
2021-12-15 00:09:42,633:INFO: Training Avg Loss: 0.000504, tab(0.000021)*10.0, rel(0.002742)*0.0, ent(0.000292)*1.0, cor(0.167636)*0.0
2021-12-15 00:10:45,206:INFO: Eval Result: F1: 0.7750, P: 0.7345, R: 0.8201
2021-12-15 00:10:45,206:INFO: Epoch 26/100
2021-12-15 00:14:34,827:INFO: Training Avg Loss: 0.000451, tab(0.000019)*10.0, rel(0.002077)*0.0, ent(0.000261)*1.0, cor(0.091896)*0.0
2021-12-15 00:15:48,195:INFO: Eval Result: F1: 0.7700, P: 0.7264, R: 0.8192
2021-12-15 00:15:48,195:INFO: Epoch 27/100
2021-12-15 00:19:35,197:INFO: Training Avg Loss: 0.000480, tab(0.000020)*10.0, rel(0.002203)*0.0, ent(0.000277)*1.0, cor(0.070189)*0.0
2021-12-15 00:20:37,714:INFO: Eval Result: F1: 0.8247, P: 0.8051, R: 0.8453
2021-12-15 00:20:37,714:WARNING: Find new best F1 >>> (0.8247)
2021-12-15 00:20:37,714:INFO: Epoch 28/100
2021-12-15 00:24:19,049:INFO: Training Avg Loss: 0.000352, tab(0.000015)*10.0, rel(0.001744)*0.0, ent(0.000200)*1.0, cor(0.073905)*0.0
2021-12-15 00:25:19,562:INFO: Eval Result: F1: 0.8215, P: 0.7931, R: 0.8521
2021-12-15 00:25:19,562:INFO: Epoch 29/100
2021-12-15 00:29:02,929:INFO: Training Avg Loss: 0.000289, tab(0.000012)*10.0, rel(0.001422)*0.0, ent(0.000169)*1.0, cor(0.067522)*0.0
2021-12-15 00:30:08,520:INFO: Eval Result: F1: 0.8127, P: 0.7774, R: 0.8513
2021-12-15 00:30:08,520:INFO: Epoch 30/100
2021-12-15 00:33:56,922:INFO: Training Avg Loss: 0.000276, tab(0.000012)*10.0, rel(0.001436)*0.0, ent(0.000161)*1.0, cor(0.064500)*0.0
2021-12-15 00:34:56,651:INFO: Eval Result: F1: 0.8581, P: 0.8470, R: 0.8694
2021-12-15 00:34:56,651:WARNING: Find new best F1 >>> (0.8581)
2021-12-15 00:34:56,651:INFO: Epoch 31/100
2021-12-15 00:38:45,350:INFO: Training Avg Loss: 0.000503, tab(0.000024)*10.0, rel(0.002707)*0.0, ent(0.000267)*1.0, cor(0.057827)*0.0
2021-12-15 00:39:47,455:INFO: Eval Result: F1: 0.7406, P: 0.6766, R: 0.8180
2021-12-15 00:39:47,455:INFO: Epoch 32/100
2021-12-15 00:43:24,322:INFO: Training Avg Loss: 0.000617, tab(0.000028)*10.0, rel(0.003791)*0.0, ent(0.000336)*1.0, cor(0.060622)*0.0
2021-12-15 00:44:37,946:INFO: Eval Result: F1: 0.7864, P: 0.7389, R: 0.8404
2021-12-15 00:44:37,947:INFO: Epoch 33/100
2021-12-15 00:48:25,355:INFO: Training Avg Loss: 0.000273, tab(0.000012)*10.0, rel(0.001533)*0.0, ent(0.000156)*1.0, cor(0.055626)*0.0
2021-12-15 00:49:23,756:INFO: Eval Result: F1: 0.8183, P: 0.7742, R: 0.8677
2021-12-15 00:49:23,756:INFO: Epoch 34/100
2021-12-15 00:53:15,932:INFO: Training Avg Loss: 0.000310, tab(0.000014)*10.0, rel(0.001679)*0.0, ent(0.000171)*1.0, cor(0.056084)*0.0
2021-12-15 00:54:25,609:INFO: Eval Result: F1: 0.7818, P: 0.7326, R: 0.8380
2021-12-15 00:54:25,609:INFO: Epoch 35/100
2021-12-15 00:58:10,115:INFO: Training Avg Loss: 0.000279, tab(0.000012)*10.0, rel(0.001349)*0.0, ent(0.000161)*1.0, cor(0.051998)*0.0
2021-12-15 00:59:14,163:INFO: Eval Result: F1: 0.8178, P: 0.7744, R: 0.8664
2021-12-15 00:59:14,163:INFO: Epoch 36/100
2021-12-15 01:02:44,970:INFO: Training Avg Loss: 0.000238, tab(0.000008)*10.0, rel(0.000998)*0.0, ent(0.000153)*1.0, cor(0.062694)*0.0
2021-12-15 01:03:49,774:INFO: Eval Result: F1: 0.8151, P: 0.7544, R: 0.8865
2021-12-15 01:03:49,775:INFO: Epoch 37/100
2021-12-15 01:09:42,580:INFO: Training Avg Loss: 0.000272, tab(0.000012)*10.0, rel(0.001307)*0.0, ent(0.000156)*1.0, cor(0.055611)*0.0
2021-12-15 01:10:45,319:INFO: Eval Result: F1: 0.7736, P: 0.7414, R: 0.8088
2021-12-15 01:10:45,319:INFO: Epoch 38/100
2021-12-15 01:24:39,530:INFO: Training Avg Loss: 0.000429, tab(0.000021)*10.0, rel(0.002479)*0.0, ent(0.000224)*1.0, cor(0.102434)*0.0
2021-12-15 01:25:44,331:INFO: Eval Result: F1: 0.8122, P: 0.7701, R: 0.8592
2021-12-15 01:25:44,331:INFO: Epoch 39/100
2021-12-15 01:29:23,719:INFO: Training Avg Loss: 0.000219, tab(0.000009)*10.0, rel(0.001205)*0.0, ent(0.000125)*1.0, cor(0.085185)*0.0
2021-12-15 01:30:25,440:INFO: Eval Result: F1: 0.8071, P: 0.7749, R: 0.8420
2021-12-15 01:30:25,441:INFO: Epoch 40/100
2021-12-15 01:34:06,166:INFO: Training Avg Loss: 0.000142, tab(0.000006)*10.0, rel(0.000798)*0.0, ent(0.000080)*1.0, cor(0.082014)*0.0
2021-12-15 01:35:23,055:INFO: Eval Result: F1: 0.8674, P: 0.8427, R: 0.8936
2021-12-15 01:35:23,055:WARNING: Find new best F1 >>> (0.8674)
2021-12-15 01:35:23,055:INFO: Epoch 41/100
2021-12-15 01:39:16,236:INFO: Training Avg Loss: 0.000482, tab(0.000022)*10.0, rel(0.003121)*0.0, ent(0.000260)*1.0, cor(0.102391)*0.0
2021-12-15 01:40:22,945:INFO: Eval Result: F1: 0.7741, P: 0.7166, R: 0.8416
2021-12-15 01:40:22,945:INFO: Epoch 42/100
2021-12-15 02:01:03,183:INFO: Training Avg Loss: 0.000303, tab(0.000014)*10.0, rel(0.002054)*0.0, ent(0.000163)*1.0, cor(0.125512)*0.0
2021-12-15 02:02:14,081:INFO: Eval Result: F1: 0.8072, P: 0.7468, R: 0.8782
2021-12-15 02:02:14,081:INFO: Epoch 43/100
2021-12-15 02:20:03,412:INFO: Training Avg Loss: 0.000140, tab(0.000006)*10.0, rel(0.000941)*0.0, ent(0.000083)*1.0, cor(0.098552)*0.0
2021-12-15 02:21:01,939:INFO: Eval Result: F1: 0.8196, P: 0.7886, R: 0.8532
2021-12-15 02:21:01,939:INFO: Epoch 44/100
2021-12-15 02:38:42,198:INFO: Training Avg Loss: 0.000122, tab(0.000005)*10.0, rel(0.000701)*0.0, ent(0.000070)*1.0, cor(0.087528)*0.0
2021-12-15 02:39:48,555:INFO: Eval Result: F1: 0.8331, P: 0.8022, R: 0.8665
2021-12-15 02:39:48,555:INFO: Epoch 45/100
2021-12-15 02:55:19,833:INFO: Training Avg Loss: 0.000141, tab(0.000006)*10.0, rel(0.000844)*0.0, ent(0.000076)*1.0, cor(0.098706)*0.0
2021-12-15 02:56:19,130:INFO: Eval Result: F1: 0.8141, P: 0.7777, R: 0.8542
2021-12-15 02:56:19,130:INFO: Epoch 46/100
2021-12-15 03:13:52,824:INFO: Training Avg Loss: 0.000115, tab(0.000005)*10.0, rel(0.000692)*0.0, ent(0.000067)*1.0, cor(0.086776)*0.0
2021-12-15 03:14:54,638:INFO: Eval Result: F1: 0.8245, P: 0.7957, R: 0.8555
2021-12-15 03:14:54,638:INFO: Epoch 47/100
2021-12-15 03:28:53,789:INFO: Training Avg Loss: 0.000175, tab(0.000008)*10.0, rel(0.000795)*0.0, ent(0.000093)*1.0, cor(0.072302)*0.0
2021-12-15 03:30:06,400:INFO: Eval Result: F1: 0.8242, P: 0.7772, R: 0.8773
2021-12-15 03:30:06,400:INFO: Epoch 48/100
2021-12-15 03:49:51,825:INFO: Training Avg Loss: 0.000180, tab(0.000008)*10.0, rel(0.000903)*0.0, ent(0.000095)*1.0, cor(0.090904)*0.0
2021-12-15 03:50:59,524:INFO: Eval Result: F1: 0.7999, P: 0.7548, R: 0.8507
2021-12-15 03:50:59,524:INFO: Epoch 49/100
2021-12-15 04:06:17,500:INFO: Training Avg Loss: 0.000408, tab(0.000020)*10.0, rel(0.003157)*0.0, ent(0.000209)*1.0, cor(0.100034)*0.0
2021-12-15 04:07:25,521:INFO: Eval Result: F1: 0.7905, P: 0.7486, R: 0.8375
2021-12-15 04:07:25,521:INFO: Epoch 50/100
2021-12-15 04:25:35,858:INFO: Training Avg Loss: 0.000180, tab(0.000009)*10.0, rel(0.001116)*0.0, ent(0.000092)*1.0, cor(0.086145)*0.0
2021-12-15 04:26:47,227:INFO: Eval Result: F1: 0.8254, P: 0.7899, R: 0.8643
2021-12-15 04:26:47,227:INFO: Epoch 51/100
2021-12-15 04:41:26,393:INFO: Training Avg Loss: 0.000091, tab(0.000004)*10.0, rel(0.000587)*0.0, ent(0.000052)*1.0, cor(0.090416)*0.0
2021-12-15 04:42:37,230:INFO: Eval Result: F1: 0.8342, P: 0.7905, R: 0.8830
2021-12-15 04:42:37,230:INFO: Epoch 52/100
2021-12-15 04:59:30,758:INFO: Training Avg Loss: 0.000099, tab(0.000004)*10.0, rel(0.000560)*0.0, ent(0.000055)*1.0, cor(0.097347)*0.0
2021-12-15 05:00:40,859:INFO: Eval Result: F1: 0.7812, P: 0.7330, R: 0.8362
2021-12-15 05:00:40,859:INFO: Epoch 53/100
2021-12-15 05:17:47,078:INFO: Training Avg Loss: 0.000169, tab(0.000008)*10.0, rel(0.001102)*0.0, ent(0.000089)*1.0, cor(0.107743)*0.0
2021-12-15 05:18:48,802:INFO: Eval Result: F1: 0.8296, P: 0.7904, R: 0.8730
2021-12-15 05:18:48,802:INFO: Epoch 54/100
2021-12-15 05:36:55,475:INFO: Training Avg Loss: 0.000131, tab(0.000006)*10.0, rel(0.000897)*0.0, ent(0.000070)*1.0, cor(0.097419)*0.0
2021-12-15 05:38:06,438:INFO: Eval Result: F1: 0.8157, P: 0.7776, R: 0.8576
2021-12-15 05:38:06,438:INFO: Epoch 55/100
2021-12-15 05:56:36,307:INFO: Training Avg Loss: 0.000094, tab(0.000005)*10.0, rel(0.000479)*0.0, ent(0.000048)*1.0, cor(0.085506)*0.0
2021-12-15 05:57:34,858:INFO: Eval Result: F1: 0.8281, P: 0.7881, R: 0.8724
2021-12-15 05:57:34,858:INFO: Epoch 56/100
2021-12-15 06:16:14,893:INFO: Training Avg Loss: 0.000056, tab(0.000002)*10.0, rel(0.000378)*0.0, ent(0.000034)*1.0, cor(0.084045)*0.0
2021-12-15 06:17:25,743:INFO: Eval Result: F1: 0.8511, P: 0.8201, R: 0.8845
2021-12-15 06:17:25,743:INFO: Epoch 57/100
2021-12-15 06:35:12,627:INFO: Training Avg Loss: 0.000071, tab(0.000003)*10.0, rel(0.000574)*0.0, ent(0.000039)*1.0, cor(0.081495)*0.0
2021-12-15 06:36:32,140:INFO: Eval Result: F1: 0.8283, P: 0.7876, R: 0.8735
2021-12-15 06:36:32,140:INFO: Epoch 58/100
2021-12-15 06:42:32,315:INFO: Training Avg Loss: 0.000065, tab(0.000003)*10.0, rel(0.000452)*0.0, ent(0.000036)*1.0, cor(0.090783)*0.0
2021-12-15 06:43:44,220:INFO: Eval Result: F1: 0.8281, P: 0.7945, R: 0.8646
2021-12-15 06:43:44,220:INFO: Epoch 59/100
2021-12-15 06:47:23,443:INFO: Training Avg Loss: 0.000059, tab(0.000002)*10.0, rel(0.000411)*0.0, ent(0.000037)*1.0, cor(0.069439)*0.0
2021-12-15 06:48:30,486:INFO: Eval Result: F1: 0.8502, P: 0.8040, R: 0.9021
2021-12-15 06:48:30,486:INFO: Epoch 60/100
2021-12-15 06:52:09,210:INFO: Training Avg Loss: 0.000068, tab(0.000003)*10.0, rel(0.000383)*0.0, ent(0.000037)*1.0, cor(0.079549)*0.0
2021-12-15 06:53:11,951:INFO: Eval Result: F1: 0.8202, P: 0.7912, R: 0.8515
2021-12-15 06:53:11,951:INFO: Epoch 61/100
2021-12-15 06:57:02,665:INFO: Training Avg Loss: 0.000051, tab(0.000002)*10.0, rel(0.000310)*0.0, ent(0.000028)*1.0, cor(0.068562)*0.0
2021-12-15 06:58:07,894:INFO: Eval Result: F1: 0.8402, P: 0.8139, R: 0.8682
2021-12-15 06:58:07,894:INFO: Epoch 62/100
2021-12-15 07:01:53,169:INFO: Training Avg Loss: 0.000074, tab(0.000003)*10.0, rel(0.000390)*0.0, ent(0.000042)*1.0, cor(0.069466)*0.0
2021-12-15 07:02:53,448:INFO: Eval Result: F1: 0.8391, P: 0.8103, R: 0.8700
2021-12-15 07:02:53,448:INFO: Epoch 63/100
2021-12-15 07:06:34,994:INFO: Training Avg Loss: 0.000037, tab(0.000002)*10.0, rel(0.000227)*0.0, ent(0.000021)*1.0, cor(0.067529)*0.0
2021-12-15 07:07:37,354:INFO: Eval Result: F1: 0.8446, P: 0.8278, R: 0.8621
2021-12-15 07:07:37,354:INFO: Epoch 64/100
2021-12-15 07:11:16,949:INFO: Training Avg Loss: 0.000041, tab(0.000002)*10.0, rel(0.000224)*0.0, ent(0.000024)*1.0, cor(0.066715)*0.0
2021-12-15 07:12:15,814:INFO: Eval Result: F1: 0.8245, P: 0.7925, R: 0.8592
2021-12-15 07:12:15,814:INFO: Epoch 65/100
2021-12-15 07:15:49,165:INFO: Training Avg Loss: 0.000047, tab(0.000002)*10.0, rel(0.000224)*0.0, ent(0.000025)*1.0, cor(0.068678)*0.0
2021-12-15 07:16:57,017:INFO: Eval Result: F1: 0.8443, P: 0.8119, R: 0.8794
2021-12-15 07:16:57,017:INFO: Epoch 66/100
2021-12-15 07:20:39,121:INFO: Training Avg Loss: 0.000028, tab(0.000001)*10.0, rel(0.000140)*0.0, ent(0.000015)*1.0, cor(0.069413)*0.0
2021-12-15 07:21:50,270:INFO: Eval Result: F1: 0.8416, P: 0.8100, R: 0.8758
2021-12-15 07:21:50,270:INFO: Epoch 67/100
2021-12-15 07:25:21,864:INFO: Training Avg Loss: 0.000025, tab(0.000001)*10.0, rel(0.000121)*0.0, ent(0.000014)*1.0, cor(0.067499)*0.0
2021-12-15 07:26:25,600:INFO: Eval Result: F1: 0.8577, P: 0.8328, R: 0.8841
2021-12-15 07:26:25,600:INFO: Epoch 68/100
2021-12-15 07:30:02,334:INFO: Training Avg Loss: 0.000020, tab(0.000001)*10.0, rel(0.000117)*0.0, ent(0.000011)*1.0, cor(0.068250)*0.0
2021-12-15 07:31:14,860:INFO: Eval Result: F1: 0.8701, P: 0.8332, R: 0.9105
2021-12-15 07:31:14,860:WARNING: Find new best F1 >>> (0.8701)
2021-12-15 07:31:14,860:INFO: Epoch 69/100
2021-12-15 07:34:58,626:INFO: Training Avg Loss: 0.000047, tab(0.000003)*10.0, rel(0.000217)*0.0, ent(0.000022)*1.0, cor(0.070703)*0.0
2021-12-15 07:36:09,534:INFO: Eval Result: F1: 0.8628, P: 0.8343, R: 0.8933
2021-12-15 07:36:09,534:INFO: Epoch 70/100
2021-12-15 07:39:54,786:INFO: Training Avg Loss: 0.000026, tab(0.000001)*10.0, rel(0.000178)*0.0, ent(0.000013)*1.0, cor(0.072042)*0.0
2021-12-15 07:41:04,647:INFO: Eval Result: F1: 0.8552, P: 0.8284, R: 0.8839
2021-12-15 07:41:04,647:INFO: Epoch 71/100
2021-12-15 07:44:39,726:INFO: Training Avg Loss: 0.000017, tab(0.000001)*10.0, rel(0.000103)*0.0, ent(0.000010)*1.0, cor(0.074116)*0.0
2021-12-15 07:45:37,569:INFO: Eval Result: F1: 0.8457, P: 0.8163, R: 0.8773
2021-12-15 07:45:37,570:INFO: Epoch 72/100
2021-12-15 07:54:23,941:INFO: Training Avg Loss: 0.000015, tab(0.000001)*10.0, rel(0.000097)*0.0, ent(0.000009)*1.0, cor(0.076013)*0.0
2021-12-15 07:55:36,490:INFO: Eval Result: F1: 0.8539, P: 0.8208, R: 0.8899
2021-12-15 07:55:36,490:INFO: Epoch 73/100
2021-12-15 08:13:05,413:INFO: Training Avg Loss: 0.000022, tab(0.000001)*10.0, rel(0.000201)*0.0, ent(0.000011)*1.0, cor(0.076096)*0.0
2021-12-15 08:14:04,344:INFO: Eval Result: F1: 0.8459, P: 0.8155, R: 0.8787
2021-12-15 08:14:04,345:INFO: Epoch 74/100
2021-12-15 08:25:05,588:INFO: Training Avg Loss: 0.000013, tab(0.000001)*10.0, rel(0.000089)*0.0, ent(0.000008)*1.0, cor(0.069065)*0.0
2021-12-15 08:26:09,073:INFO: Eval Result: F1: 0.8654, P: 0.8398, R: 0.8925
2021-12-15 08:26:09,073:INFO: Epoch 75/100
2021-12-15 08:31:09,725:INFO: Training Avg Loss: 0.000012, tab(0.000001)*10.0, rel(0.000065)*0.0, ent(0.000007)*1.0, cor(0.066086)*0.0
2021-12-15 08:32:23,970:INFO: Eval Result: F1: 0.8758, P: 0.8535, R: 0.8992
2021-12-15 08:32:23,970:WARNING: Find new best F1 >>> (0.8758)
2021-12-15 08:32:23,970:INFO: Epoch 76/100
2021-12-15 08:50:30,730:INFO: Training Avg Loss: 0.000010, tab(0.000000)*10.0, rel(0.000076)*0.0, ent(0.000006)*1.0, cor(0.067751)*0.0
2021-12-15 08:51:33,551:INFO: Eval Result: F1: 0.8810, P: 0.8612, R: 0.9018
2021-12-15 08:51:33,552:WARNING: Find new best F1 >>> (0.8810)
2021-12-15 08:51:33,552:INFO: Epoch 77/100
2021-12-15 09:07:45,902:INFO: Training Avg Loss: 0.000012, tab(0.000000)*10.0, rel(0.000072)*0.0, ent(0.000007)*1.0, cor(0.068464)*0.0
2021-12-15 09:08:52,340:INFO: Eval Result: F1: 0.8692, P: 0.8519, R: 0.8872
2021-12-15 09:08:52,341:INFO: Epoch 78/100
2021-12-15 09:25:20,823:INFO: Training Avg Loss: 0.000010, tab(0.000000)*10.0, rel(0.000053)*0.0, ent(0.000006)*1.0, cor(0.069053)*0.0
2021-12-15 09:26:27,788:INFO: Eval Result: F1: 0.8737, P: 0.8454, R: 0.9039
2021-12-15 09:26:27,788:INFO: Epoch 79/100
2021-12-15 09:35:22,036:INFO: Training Avg Loss: 0.000008, tab(0.000000)*10.0, rel(0.000041)*0.0, ent(0.000005)*1.0, cor(0.069276)*0.0
2021-12-15 09:36:28,408:INFO: Eval Result: F1: 0.8662, P: 0.8535, R: 0.8794
2021-12-15 09:36:28,409:INFO: Epoch 80/100
2021-12-15 09:40:07,858:INFO: Training Avg Loss: 0.000008, tab(0.000000)*10.0, rel(0.000040)*0.0, ent(0.000005)*1.0, cor(0.069594)*0.0
2021-12-15 09:41:18,131:INFO: Eval Result: F1: 0.8646, P: 0.8417, R: 0.8888
2021-12-15 09:41:18,131:INFO: Epoch 81/100
2021-12-15 09:45:01,405:INFO: Training Avg Loss: 0.000010, tab(0.000000)*10.0, rel(0.000055)*0.0, ent(0.000006)*1.0, cor(0.071224)*0.0
2021-12-15 09:45:56,585:INFO: Eval Result: F1: 0.8708, P: 0.8524, R: 0.8901
2021-12-15 09:45:56,585:INFO: Epoch 82/100
2021-12-15 09:49:37,260:INFO: Training Avg Loss: 0.000008, tab(0.000000)*10.0, rel(0.000030)*0.0, ent(0.000005)*1.0, cor(0.073750)*0.0
2021-12-15 09:50:43,016:INFO: Eval Result: F1: 0.8540, P: 0.8290, R: 0.8806
2021-12-15 09:50:43,016:INFO: Epoch 83/100
2021-12-15 09:55:48,687:INFO: Training Avg Loss: 0.000005, tab(0.000000)*10.0, rel(0.000033)*0.0, ent(0.000003)*1.0, cor(0.072850)*0.0
2021-12-15 09:56:52,224:INFO: Eval Result: F1: 0.8689, P: 0.8534, R: 0.8850
2021-12-15 09:56:52,225:INFO: Epoch 84/100
2021-12-15 10:14:06,120:INFO: Training Avg Loss: 0.000011, tab(0.000001)*10.0, rel(0.000038)*0.0, ent(0.000005)*1.0, cor(0.073858)*0.0
2021-12-15 10:15:03,919:INFO: Eval Result: F1: 0.8780, P: 0.8534, R: 0.9041
2021-12-15 10:15:03,919:INFO: Epoch 85/100
2021-12-15 10:20:36,640:INFO: Training Avg Loss: 0.000006, tab(0.000000)*10.0, rel(0.000038)*0.0, ent(0.000004)*1.0, cor(0.070389)*0.0
2021-12-15 10:21:38,336:INFO: Eval Result: F1: 0.8715, P: 0.8577, R: 0.8857
2021-12-15 10:21:38,337:INFO: Epoch 86/100
2021-12-15 10:25:18,817:INFO: Training Avg Loss: 0.000005, tab(0.000000)*10.0, rel(0.000026)*0.0, ent(0.000003)*1.0, cor(0.071267)*0.0
2021-12-15 10:26:22,943:INFO: Eval Result: F1: 0.8613, P: 0.8436, R: 0.8797
2021-12-15 10:26:22,943:INFO: Epoch 87/100
2021-12-15 10:29:56,905:INFO: Training Avg Loss: 0.000005, tab(0.000000)*10.0, rel(0.000035)*0.0, ent(0.000003)*1.0, cor(0.073681)*0.0
2021-12-15 10:31:07,498:INFO: Eval Result: F1: 0.8626, P: 0.8493, R: 0.8763
2021-12-15 10:31:07,498:INFO: Epoch 88/100
2021-12-15 10:34:52,143:INFO: Training Avg Loss: 0.000007, tab(0.000000)*10.0, rel(0.000039)*0.0, ent(0.000004)*1.0, cor(0.073338)*0.0
2021-12-15 10:36:02,027:INFO: Eval Result: F1: 0.8663, P: 0.8439, R: 0.8900
2021-12-15 10:36:02,027:INFO: Epoch 89/100
2021-12-15 10:39:35,111:INFO: Training Avg Loss: 0.000006, tab(0.000000)*10.0, rel(0.000035)*0.0, ent(0.000004)*1.0, cor(0.075297)*0.0
2021-12-15 10:40:48,523:INFO: Eval Result: F1: 0.8851, P: 0.8667, R: 0.9043
2021-12-15 10:40:48,523:WARNING: Find new best F1 >>> (0.8851)
2021-12-15 10:40:48,523:INFO: Epoch 90/100
2021-12-15 10:44:43,758:INFO: Training Avg Loss: 0.000005, tab(0.000000)*10.0, rel(0.000027)*0.0, ent(0.000003)*1.0, cor(0.070010)*0.0
2021-12-15 10:45:46,778:INFO: Eval Result: F1: 0.8719, P: 0.8528, R: 0.8919
2021-12-15 10:45:46,778:INFO: Epoch 91/100
2021-12-15 10:49:33,133:INFO: Training Avg Loss: 0.000004, tab(0.000000)*10.0, rel(0.000029)*0.0, ent(0.000003)*1.0, cor(0.072662)*0.0
2021-12-15 10:50:40,920:INFO: Eval Result: F1: 0.8544, P: 0.8392, R: 0.8702
2021-12-15 10:50:40,920:INFO: Epoch 92/100
2021-12-15 10:54:30,405:INFO: Training Avg Loss: 0.000005, tab(0.000000)*10.0, rel(0.000031)*0.0, ent(0.000003)*1.0, cor(0.069275)*0.0
2021-12-15 10:55:35,558:INFO: Eval Result: F1: 0.8790, P: 0.8594, R: 0.8995
2021-12-15 10:55:35,558:INFO: Epoch 93/100
2021-12-15 10:59:28,956:INFO: Training Avg Loss: 0.000005, tab(0.000000)*10.0, rel(0.000033)*0.0, ent(0.000003)*1.0, cor(0.071417)*0.0
2021-12-15 11:00:38,136:INFO: Eval Result: F1: 0.8686, P: 0.8471, R: 0.8911
2021-12-15 11:00:38,136:INFO: Epoch 94/100
2021-12-15 11:04:30,179:INFO: Training Avg Loss: 0.000006, tab(0.000000)*10.0, rel(0.000029)*0.0, ent(0.000004)*1.0, cor(0.071437)*0.0
2021-12-15 11:05:41,432:INFO: Eval Result: F1: 0.8577, P: 0.8290, R: 0.8884
2021-12-15 11:05:41,432:INFO: Epoch 95/100
2021-12-15 11:13:32,514:INFO: Training Avg Loss: 0.000005, tab(0.000000)*10.0, rel(0.000034)*0.0, ent(0.000003)*1.0, cor(0.074400)*0.0
2021-12-15 11:14:39,874:INFO: Eval Result: F1: 0.8521, P: 0.8339, R: 0.8712
2021-12-15 11:14:39,874:INFO: Epoch 96/100
2021-12-15 11:28:26,003:INFO: Training Avg Loss: 0.000004, tab(0.000000)*10.0, rel(0.000021)*0.0, ent(0.000002)*1.0, cor(0.073416)*0.0
2021-12-15 11:29:33,892:INFO: Eval Result: F1: 0.8597, P: 0.8387, R: 0.8818
2021-12-15 11:29:33,892:INFO: Epoch 97/100
2021-12-15 11:44:34,427:INFO: Training Avg Loss: 0.000004, tab(0.000000)*10.0, rel(0.000024)*0.0, ent(0.000003)*1.0, cor(0.073188)*0.0
2021-12-15 11:45:52,317:INFO: Eval Result: F1: 0.8510, P: 0.8313, R: 0.8717
2021-12-15 11:45:52,317:INFO: Epoch 98/100
2021-12-15 11:53:51,913:INFO: Training Avg Loss: 0.000006, tab(0.000000)*10.0, rel(0.000036)*0.0, ent(0.000004)*1.0, cor(0.072861)*0.0
2021-12-15 11:55:04,958:INFO: Eval Result: F1: 0.8390, P: 0.8144, R: 0.8650
2021-12-15 11:55:04,958:INFO: Epoch 99/100
2021-12-15 11:58:46,202:INFO: Training Avg Loss: 0.000004, tab(0.000000)*10.0, rel(0.000022)*0.0, ent(0.000003)*1.0, cor(0.074569)*0.0
2021-12-15 11:59:53,901:INFO: Eval Result: F1: 0.8615, P: 0.8400, R: 0.8841
2021-12-15 11:59:53,901:INFO: Epoch 100/100
2021-12-15 12:03:31,948:INFO: Training Avg Loss: 0.000005, tab(0.000000)*10.0, rel(0.000034)*0.0, ent(0.000003)*1.0, cor(0.074214)*0.0
2021-12-15 12:04:34,175:INFO: Eval Result: F1: 0.8703, P: 0.8519, R: 0.8895
2021-12-15 12:04:34,175:INFO: Final evaluate in 'test set':
2021-12-15 12:06:09,596:INFO: Eval Result: F1: 0.8766, P: 0.8654, R: 0.8881
2021-12-15 12:06:09,596:WARNING: 


Final Result: 
Val Best F1 Score is (0.885106), Test F1 Score is (0.876614)
