2021-12-15 00:51:47,790:INFO: 
Running with the following arguments:
 >> index : 2021-12-15_00-51-46-temp
 >> corpus_type : WebNLG
 >> device_id : 3
 >> epoch_num : 100
 >> batch_size : 6
 >> use_symmetries : None
 >> use_feature_enchanced : True
 >> use_negative_mask : False
 >> set_rel_level : maxpooling
 >> set_ent_level : sent
 >> set_table_calc : mul
 >> tab_loss : 10.0
 >> rel_loss : 0.0
 >> ent_loss : 1.0
 >> cor_loss : 0.0

2021-12-15 00:51:47,790:INFO: 
Configs: 
 >> early_stop: 30
 >> seed: 12138
 >> hidden_size: 768
 >> max_text_len: 150
 >> drop_prob: 0.3
 >> data_dir: data/WebNLG
 >> log_dir: logs/2021-12-15_00-51-46-temp
 >> model_dir: models/2021-12-15_00-51-46-temp
 >> log_path: logs/2021-12-15_00-51-46-temp/train.log
 >> bert_model_dir: ../Bert/bert-base-cased
 >> rel_num: 216
 >> fin_tuning_lr: 0.0001
 >> downs_en_lr: 0.001
 >> clip_grad: 2.0
 >> weight_decay_rate: 0.01
 >> warmup_prop: 0.1

2021-12-15 00:52:02,721:INFO: Epoch 1/100
2021-12-15 00:55:38,233:INFO: Training Avg Loss: 0.274961, tab(0.017160)*10.0, rel(0.125345)*0.0, ent(0.103362)*1.0, cor(0.212504)*0.0
2021-12-15 00:55:40,223:INFO: Eval Result: F1: 0.0000, P: 1.0000, R: 0.0000
2021-12-15 00:55:40,224:WARNING: Find new best F1 >>> (0.0000)
2021-12-15 00:55:40,224:INFO: Epoch 2/100
2021-12-15 00:59:10,380:INFO: Training Avg Loss: 0.009892, tab(0.000466)*10.0, rel(0.064290)*0.0, ent(0.005236)*1.0, cor(0.163962)*0.0
2021-12-15 00:59:12,981:INFO: Eval Result: F1: 0.0000, P: 1.0000, R: 0.0000
2021-12-15 00:59:12,981:INFO: Epoch 3/100
2021-12-15 01:02:42,794:INFO: Training Avg Loss: 0.007444, tab(0.000349)*10.0, rel(0.050236)*0.0, ent(0.003952)*1.0, cor(0.174892)*0.0
2021-12-15 01:03:07,013:INFO: Eval Result: F1: 0.1944, P: 0.2432, R: 0.1620
2021-12-15 01:03:07,013:WARNING: Find new best F1 >>> (0.1944)
2021-12-15 01:03:07,017:INFO: Epoch 4/100
2021-12-15 01:06:54,031:INFO: Training Avg Loss: 0.003979, tab(0.000170)*10.0, rel(0.025847)*0.0, ent(0.002275)*1.0, cor(0.144841)*0.0
2021-12-15 01:07:38,089:INFO: Eval Result: F1: 0.4421, P: 0.4635, R: 0.4227
2021-12-15 01:07:38,089:WARNING: Find new best F1 >>> (0.4421)
2021-12-15 01:07:38,089:INFO: Epoch 5/100
2021-12-15 01:24:04,737:INFO: Training Avg Loss: 0.002620, tab(0.000112)*10.0, rel(0.016288)*0.0, ent(0.001499)*1.0, cor(0.104435)*0.0
2021-12-15 01:25:00,296:INFO: Eval Result: F1: 0.6053, P: 0.5958, R: 0.6151
2021-12-15 01:25:00,296:WARNING: Find new best F1 >>> (0.6053)
2021-12-15 01:25:00,296:INFO: Epoch 6/100
2021-12-15 01:28:29,807:INFO: Training Avg Loss: 0.001846, tab(0.000079)*10.0, rel(0.011146)*0.0, ent(0.001055)*1.0, cor(0.064977)*0.0
2021-12-15 01:29:40,172:INFO: Eval Result: F1: 0.6308, P: 0.5731, R: 0.7014
2021-12-15 01:29:40,173:WARNING: Find new best F1 >>> (0.6308)
2021-12-15 01:29:40,173:INFO: Epoch 7/100
2021-12-15 01:33:19,963:INFO: Training Avg Loss: 0.001509, tab(0.000069)*10.0, rel(0.009380)*0.0, ent(0.000814)*1.0, cor(0.073123)*0.0
2021-12-15 01:34:21,906:INFO: Eval Result: F1: 0.6292, P: 0.6246, R: 0.6338
2021-12-15 01:34:21,906:INFO: Epoch 8/100
2021-12-15 01:38:06,450:INFO: Training Avg Loss: 0.001250, tab(0.000059)*10.0, rel(0.008023)*0.0, ent(0.000664)*1.0, cor(0.098954)*0.0
2021-12-15 01:39:11,931:INFO: Eval Result: F1: 0.7137, P: 0.6724, R: 0.7605
2021-12-15 01:39:11,931:WARNING: Find new best F1 >>> (0.7137)
2021-12-15 01:39:11,931:INFO: Epoch 9/100
2021-12-15 01:58:18,325:INFO: Training Avg Loss: 0.001920, tab(0.000112)*10.0, rel(0.015606)*0.0, ent(0.000802)*1.0, cor(0.128621)*0.0
2021-12-15 01:59:21,860:INFO: Eval Result: F1: 0.6495, P: 0.6213, R: 0.6804
2021-12-15 01:59:21,860:INFO: Epoch 10/100
2021-12-15 02:13:28,635:INFO: Training Avg Loss: 0.001216, tab(0.000063)*10.0, rel(0.007545)*0.0, ent(0.000584)*1.0, cor(0.049493)*0.0
2021-12-15 02:14:35,040:INFO: Eval Result: F1: 0.6548, P: 0.6227, R: 0.6905
2021-12-15 02:14:35,040:INFO: Epoch 11/100
2021-12-15 02:33:26,671:INFO: Training Avg Loss: 0.000900, tab(0.000047)*10.0, rel(0.005841)*0.0, ent(0.000432)*1.0, cor(0.051316)*0.0
2021-12-15 02:34:33,323:INFO: Eval Result: F1: 0.7061, P: 0.6568, R: 0.7633
2021-12-15 02:34:33,323:INFO: Epoch 12/100
2021-12-15 02:49:28,165:INFO: Training Avg Loss: 0.000778, tab(0.000040)*10.0, rel(0.005319)*0.0, ent(0.000377)*1.0, cor(0.043312)*0.0
2021-12-15 02:50:39,232:INFO: Eval Result: F1: 0.6773, P: 0.6277, R: 0.7354
2021-12-15 02:50:39,232:INFO: Epoch 13/100
2021-12-15 03:08:37,309:INFO: Training Avg Loss: 0.000681, tab(0.000036)*10.0, rel(0.004849)*0.0, ent(0.000317)*1.0, cor(0.047665)*0.0
2021-12-15 03:09:54,569:INFO: Eval Result: F1: 0.7132, P: 0.6417, R: 0.8027
2021-12-15 03:09:54,569:INFO: Epoch 14/100
2021-12-15 03:25:52,944:INFO: Training Avg Loss: 0.001057, tab(0.000059)*10.0, rel(0.006504)*0.0, ent(0.000468)*1.0, cor(0.049195)*0.0
2021-12-15 03:27:07,100:INFO: Eval Result: F1: 0.6976, P: 0.6416, R: 0.7644
2021-12-15 03:27:07,100:INFO: Epoch 15/100
2021-12-15 03:44:29,022:INFO: Training Avg Loss: 0.000690, tab(0.000038)*10.0, rel(0.004434)*0.0, ent(0.000313)*1.0, cor(0.052129)*0.0
2021-12-15 03:45:37,554:INFO: Eval Result: F1: 0.7183, P: 0.6481, R: 0.8055
2021-12-15 03:45:37,554:WARNING: Find new best F1 >>> (0.7183)
2021-12-15 03:45:37,554:INFO: Epoch 16/100
2021-12-15 04:03:42,957:INFO: Training Avg Loss: 0.000537, tab(0.000028)*10.0, rel(0.003734)*0.0, ent(0.000255)*1.0, cor(0.047382)*0.0
2021-12-15 04:04:52,028:INFO: Eval Result: F1: 0.7235, P: 0.6502, R: 0.8153
2021-12-15 04:04:52,028:WARNING: Find new best F1 >>> (0.7235)
2021-12-15 04:04:52,028:INFO: Epoch 17/100
2021-12-15 04:21:42,641:INFO: Training Avg Loss: 0.000591, tab(0.000034)*10.0, rel(0.003993)*0.0, ent(0.000251)*1.0, cor(0.046693)*0.0
2021-12-15 04:22:54,418:INFO: Eval Result: F1: 0.7170, P: 0.6852, R: 0.7520
2021-12-15 04:22:54,418:INFO: Epoch 18/100
2021-12-15 04:39:23,324:INFO: Training Avg Loss: 0.000685, tab(0.000040)*10.0, rel(0.004218)*0.0, ent(0.000288)*1.0, cor(0.053000)*0.0
2021-12-15 04:40:32,200:INFO: Eval Result: F1: 0.7897, P: 0.7316, R: 0.8578
2021-12-15 04:40:32,200:WARNING: Find new best F1 >>> (0.7897)
2021-12-15 04:40:32,200:INFO: Epoch 19/100
2021-12-15 05:00:32,342:INFO: Training Avg Loss: 0.000684, tab(0.000038)*10.0, rel(0.004418)*0.0, ent(0.000300)*1.0, cor(0.060424)*0.0
2021-12-15 05:01:44,864:INFO: Eval Result: F1: 0.7471, P: 0.6779, R: 0.8321
2021-12-15 05:01:44,864:INFO: Epoch 20/100
2021-12-15 05:17:47,037:INFO: Training Avg Loss: 0.000456, tab(0.000024)*10.0, rel(0.002721)*0.0, ent(0.000212)*1.0, cor(0.063842)*0.0
2021-12-15 05:18:55,440:INFO: Eval Result: F1: 0.7669, P: 0.7038, R: 0.8424
2021-12-15 05:18:55,440:INFO: Epoch 21/100
2021-12-15 05:35:51,665:INFO: Training Avg Loss: 0.000385, tab(0.000021)*10.0, rel(0.002556)*0.0, ent(0.000172)*1.0, cor(0.054282)*0.0
2021-12-15 05:36:54,486:INFO: Eval Result: F1: 0.8046, P: 0.7651, R: 0.8485
2021-12-15 05:36:54,487:WARNING: Find new best F1 >>> (0.8046)
2021-12-15 05:36:54,487:INFO: Epoch 22/100
2021-12-15 05:55:30,326:INFO: Training Avg Loss: 0.000521, tab(0.000030)*10.0, rel(0.003058)*0.0, ent(0.000218)*1.0, cor(0.069561)*0.0
2021-12-15 05:56:36,401:INFO: Eval Result: F1: 0.7669, P: 0.7241, R: 0.8151
2021-12-15 05:56:36,401:INFO: Epoch 23/100
2021-12-15 06:13:45,133:INFO: Training Avg Loss: 0.000396, tab(0.000022)*10.0, rel(0.002557)*0.0, ent(0.000177)*1.0, cor(0.069475)*0.0
2021-12-15 06:14:56,440:INFO: Eval Result: F1: 0.7810, P: 0.7297, R: 0.8400
2021-12-15 06:14:56,440:INFO: Epoch 24/100
2021-12-15 06:34:04,741:INFO: Training Avg Loss: 0.000384, tab(0.000021)*10.0, rel(0.002476)*0.0, ent(0.000176)*1.0, cor(0.066374)*0.0
2021-12-15 06:35:17,728:INFO: Eval Result: F1: 0.7832, P: 0.7230, R: 0.8543
2021-12-15 06:35:17,728:INFO: Epoch 25/100
2021-12-15 06:42:22,143:INFO: Training Avg Loss: 0.000410, tab(0.000023)*10.0, rel(0.002543)*0.0, ent(0.000184)*1.0, cor(0.055175)*0.0
2021-12-15 06:43:30,250:INFO: Eval Result: F1: 0.7681, P: 0.7000, R: 0.8510
2021-12-15 06:43:30,250:INFO: Epoch 26/100
2021-12-15 06:47:10,458:INFO: Training Avg Loss: 0.000326, tab(0.000018)*10.0, rel(0.001914)*0.0, ent(0.000149)*1.0, cor(0.055004)*0.0
2021-12-15 06:48:29,698:INFO: Eval Result: F1: 0.7192, P: 0.6490, R: 0.8065
2021-12-15 06:48:29,699:INFO: Epoch 27/100
2021-12-15 06:52:09,731:INFO: Training Avg Loss: 0.000367, tab(0.000020)*10.0, rel(0.002220)*0.0, ent(0.000162)*1.0, cor(0.072213)*0.0
2021-12-15 06:53:17,204:INFO: Eval Result: F1: 0.7730, P: 0.7065, R: 0.8533
2021-12-15 06:53:17,204:INFO: Epoch 28/100
2021-12-15 06:56:53,793:INFO: Training Avg Loss: 0.000338, tab(0.000019)*10.0, rel(0.002101)*0.0, ent(0.000146)*1.0, cor(0.068389)*0.0
2021-12-15 06:57:58,252:INFO: Eval Result: F1: 0.7919, P: 0.7384, R: 0.8537
2021-12-15 06:57:58,252:INFO: Epoch 29/100
2021-12-15 07:01:34,318:INFO: Training Avg Loss: 0.000280, tab(0.000015)*10.0, rel(0.001886)*0.0, ent(0.000128)*1.0, cor(0.059189)*0.0
2021-12-15 07:02:44,789:INFO: Eval Result: F1: 0.7923, P: 0.7522, R: 0.8369
2021-12-15 07:02:44,789:INFO: Epoch 30/100
2021-12-15 07:06:25,296:INFO: Training Avg Loss: 0.000350, tab(0.000021)*10.0, rel(0.002113)*0.0, ent(0.000141)*1.0, cor(0.058723)*0.0
2021-12-15 07:07:30,493:INFO: Eval Result: F1: 0.8011, P: 0.7585, R: 0.8488
2021-12-15 07:07:30,493:INFO: Epoch 31/100
2021-12-15 07:11:10,267:INFO: Training Avg Loss: 0.000342, tab(0.000019)*10.0, rel(0.002002)*0.0, ent(0.000151)*1.0, cor(0.058918)*0.0
2021-12-15 07:12:13,335:INFO: Eval Result: F1: 0.7660, P: 0.7189, R: 0.8196
2021-12-15 07:12:13,335:INFO: Epoch 32/100
2021-12-15 07:15:42,435:INFO: Training Avg Loss: 0.000289, tab(0.000017)*10.0, rel(0.001518)*0.0, ent(0.000122)*1.0, cor(0.058632)*0.0
2021-12-15 07:17:02,245:INFO: Eval Result: F1: 0.7304, P: 0.6524, R: 0.8296
2021-12-15 07:17:02,245:INFO: Epoch 33/100
2021-12-15 07:20:40,218:INFO: Training Avg Loss: 0.000249, tab(0.000013)*10.0, rel(0.001614)*0.0, ent(0.000121)*1.0, cor(0.060177)*0.0
2021-12-15 07:21:42,024:INFO: Eval Result: F1: 0.7773, P: 0.7254, R: 0.8371
2021-12-15 07:21:42,024:INFO: Epoch 34/100
2021-12-15 07:25:24,670:INFO: Training Avg Loss: 0.000237, tab(0.000013)*10.0, rel(0.001387)*0.0, ent(0.000104)*1.0, cor(0.063837)*0.0
2021-12-15 07:26:35,435:INFO: Eval Result: F1: 0.7949, P: 0.7479, R: 0.8483
2021-12-15 07:26:35,435:INFO: Epoch 35/100
2021-12-15 07:30:15,342:INFO: Training Avg Loss: 0.000216, tab(0.000011)*10.0, rel(0.001523)*0.0, ent(0.000101)*1.0, cor(0.072223)*0.0
2021-12-15 07:31:21,351:INFO: Eval Result: F1: 0.8373, P: 0.7984, R: 0.8803
2021-12-15 07:31:21,351:WARNING: Find new best F1 >>> (0.8373)
2021-12-15 07:31:21,351:INFO: Epoch 36/100
2021-12-15 07:34:48,014:INFO: Training Avg Loss: 0.000241, tab(0.000014)*10.0, rel(0.001301)*0.0, ent(0.000097)*1.0, cor(0.067616)*0.0
2021-12-15 07:35:56,444:INFO: Eval Result: F1: 0.8243, P: 0.7740, R: 0.8816
2021-12-15 07:35:56,444:INFO: Epoch 37/100
2021-12-15 07:39:27,319:INFO: Training Avg Loss: 0.000187, tab(0.000011)*10.0, rel(0.001196)*0.0, ent(0.000081)*1.0, cor(0.079495)*0.0
2021-12-15 07:40:34,071:INFO: Eval Result: F1: 0.8067, P: 0.7573, R: 0.8629
2021-12-15 07:40:34,071:INFO: Epoch 38/100
2021-12-15 07:44:09,091:INFO: Training Avg Loss: 0.000139, tab(0.000007)*10.0, rel(0.000883)*0.0, ent(0.000064)*1.0, cor(0.098484)*0.0
2021-12-15 07:45:20,881:INFO: Eval Result: F1: 0.8205, P: 0.7731, R: 0.8741
2021-12-15 07:45:20,881:INFO: Epoch 39/100
2021-12-15 07:52:33,696:INFO: Training Avg Loss: 0.000174, tab(0.000010)*10.0, rel(0.001260)*0.0, ent(0.000072)*1.0, cor(0.084033)*0.0
2021-12-15 07:53:38,340:INFO: Eval Result: F1: 0.8094, P: 0.7659, R: 0.8580
2021-12-15 07:53:38,340:INFO: Epoch 40/100
2021-12-15 08:10:51,059:INFO: Training Avg Loss: 0.000179, tab(0.000010)*10.0, rel(0.000980)*0.0, ent(0.000076)*1.0, cor(0.091031)*0.0
2021-12-15 08:12:10,148:INFO: Eval Result: F1: 0.8149, P: 0.7576, R: 0.8815
2021-12-15 08:12:10,148:INFO: Epoch 41/100
2021-12-15 08:24:54,914:INFO: Training Avg Loss: 0.000158, tab(0.000009)*10.0, rel(0.000958)*0.0, ent(0.000066)*1.0, cor(0.069474)*0.0
2021-12-15 08:26:05,473:INFO: Eval Result: F1: 0.8500, P: 0.8035, R: 0.9021
2021-12-15 08:26:05,473:WARNING: Find new best F1 >>> (0.8500)
2021-12-15 08:26:05,473:INFO: Epoch 42/100
2021-12-15 08:30:45,892:INFO: Training Avg Loss: 0.000120, tab(0.000007)*10.0, rel(0.000609)*0.0, ent(0.000053)*1.0, cor(0.072882)*0.0
2021-12-15 08:31:56,688:INFO: Eval Result: F1: 0.8230, P: 0.7794, R: 0.8718
2021-12-15 08:31:56,688:INFO: Epoch 43/100
2021-12-15 08:51:13,950:INFO: Training Avg Loss: 0.000167, tab(0.000011)*10.0, rel(0.000747)*0.0, ent(0.000058)*1.0, cor(0.063862)*0.0
2021-12-15 08:52:14,093:INFO: Eval Result: F1: 0.8276, P: 0.8006, R: 0.8564
2021-12-15 08:52:14,093:INFO: Epoch 44/100
2021-12-15 09:07:35,626:INFO: Training Avg Loss: 0.000168, tab(0.000010)*10.0, rel(0.000866)*0.0, ent(0.000064)*1.0, cor(0.125380)*0.0
2021-12-15 09:08:45,740:INFO: Eval Result: F1: 0.7898, P: 0.7173, R: 0.8786
2021-12-15 09:08:45,740:INFO: Epoch 45/100
2021-12-15 09:26:57,709:INFO: Training Avg Loss: 0.000109, tab(0.000006)*10.0, rel(0.000653)*0.0, ent(0.000048)*1.0, cor(0.104927)*0.0
2021-12-15 09:27:59,825:INFO: Eval Result: F1: 0.8078, P: 0.7535, R: 0.8706
2021-12-15 09:27:59,825:INFO: Epoch 46/100
2021-12-15 09:35:22,602:INFO: Training Avg Loss: 0.000093, tab(0.000005)*10.0, rel(0.000528)*0.0, ent(0.000042)*1.0, cor(0.074569)*0.0
2021-12-15 09:36:27,230:INFO: Eval Result: F1: 0.8089, P: 0.7590, R: 0.8657
2021-12-15 09:36:27,230:INFO: Epoch 47/100
2021-12-15 09:39:57,703:INFO: Training Avg Loss: 0.000088, tab(0.000005)*10.0, rel(0.000524)*0.0, ent(0.000038)*1.0, cor(0.077157)*0.0
2021-12-15 09:41:14,395:INFO: Eval Result: F1: 0.8546, P: 0.8155, R: 0.8977
2021-12-15 09:41:14,395:WARNING: Find new best F1 >>> (0.8546)
2021-12-15 09:41:14,395:INFO: Epoch 48/100
2021-12-15 09:44:59,147:INFO: Training Avg Loss: 0.000072, tab(0.000004)*10.0, rel(0.000470)*0.0, ent(0.000036)*1.0, cor(0.075876)*0.0
2021-12-15 09:46:10,888:INFO: Eval Result: F1: 0.8434, P: 0.8104, R: 0.8793
2021-12-15 09:46:10,888:INFO: Epoch 49/100
2021-12-15 09:49:45,180:INFO: Training Avg Loss: 0.000068, tab(0.000004)*10.0, rel(0.000452)*0.0, ent(0.000031)*1.0, cor(0.063987)*0.0
2021-12-15 09:50:55,859:INFO: Eval Result: F1: 0.8447, P: 0.8071, R: 0.8860
2021-12-15 09:50:55,859:INFO: Epoch 50/100
2021-12-15 09:57:21,154:INFO: Training Avg Loss: 0.000061, tab(0.000004)*10.0, rel(0.000350)*0.0, ent(0.000025)*1.0, cor(0.066748)*0.0
2021-12-15 09:58:36,783:INFO: Eval Result: F1: 0.8270, P: 0.7758, R: 0.8855
2021-12-15 09:58:36,783:INFO: Epoch 51/100
2021-12-15 10:13:20,815:INFO: Training Avg Loss: 0.000088, tab(0.000005)*10.0, rel(0.000450)*0.0, ent(0.000037)*1.0, cor(0.077076)*0.0
2021-12-15 10:14:30,263:INFO: Eval Result: F1: 0.8276, P: 0.7973, R: 0.8604
2021-12-15 10:14:30,263:INFO: Epoch 52/100
2021-12-15 10:20:19,131:INFO: Training Avg Loss: 0.000062, tab(0.000003)*10.0, rel(0.000360)*0.0, ent(0.000031)*1.0, cor(0.071872)*0.0
2021-12-15 10:21:31,211:INFO: Eval Result: F1: 0.8599, P: 0.8216, R: 0.9021
2021-12-15 10:21:31,211:WARNING: Find new best F1 >>> (0.8599)
2021-12-15 10:21:31,211:INFO: Epoch 53/100
2021-12-15 10:25:07,321:INFO: Training Avg Loss: 0.000086, tab(0.000006)*10.0, rel(0.000277)*0.0, ent(0.000027)*1.0, cor(0.072995)*0.0
2021-12-15 10:26:14,059:INFO: Eval Result: F1: 0.8502, P: 0.8047, R: 0.9011
2021-12-15 10:26:14,059:INFO: Epoch 54/100
2021-12-15 10:29:53,459:INFO: Training Avg Loss: 0.000080, tab(0.000004)*10.0, rel(0.000400)*0.0, ent(0.000036)*1.0, cor(0.082366)*0.0
2021-12-15 10:31:05,183:INFO: Eval Result: F1: 0.8408, P: 0.8125, R: 0.8710
2021-12-15 10:31:05,183:INFO: Epoch 55/100
2021-12-15 10:34:49,383:INFO: Training Avg Loss: 0.000046, tab(0.000002)*10.0, rel(0.000272)*0.0, ent(0.000022)*1.0, cor(0.078149)*0.0
2021-12-15 10:35:50,293:INFO: Eval Result: F1: 0.8500, P: 0.8207, R: 0.8815
2021-12-15 10:35:50,293:INFO: Epoch 56/100
2021-12-15 10:39:34,283:INFO: Training Avg Loss: 0.000031, tab(0.000002)*10.0, rel(0.000176)*0.0, ent(0.000015)*1.0, cor(0.075714)*0.0
2021-12-15 10:40:47,865:INFO: Eval Result: F1: 0.8619, P: 0.8218, R: 0.9062
2021-12-15 10:40:47,865:WARNING: Find new best F1 >>> (0.8619)
2021-12-15 10:40:47,865:INFO: Epoch 57/100
2021-12-15 10:44:28,049:INFO: Training Avg Loss: 0.000025, tab(0.000001)*10.0, rel(0.000194)*0.0, ent(0.000013)*1.0, cor(0.060995)*0.0
2021-12-15 10:45:50,388:INFO: Eval Result: F1: 0.8293, P: 0.7717, R: 0.8963
2021-12-15 10:45:50,388:INFO: Epoch 58/100
2021-12-15 10:49:16,519:INFO: Training Avg Loss: 0.000044, tab(0.000002)*10.0, rel(0.000229)*0.0, ent(0.000020)*1.0, cor(0.067054)*0.0
2021-12-15 10:50:34,579:INFO: Eval Result: F1: 0.8555, P: 0.8272, R: 0.8858
2021-12-15 10:50:34,579:INFO: Epoch 59/100
2021-12-15 10:54:08,544:INFO: Training Avg Loss: 0.000024, tab(0.000001)*10.0, rel(0.000181)*0.0, ent(0.000012)*1.0, cor(0.070619)*0.0
2021-12-15 10:55:20,538:INFO: Eval Result: F1: 0.8903, P: 0.8612, R: 0.9213
2021-12-15 10:55:20,538:WARNING: Find new best F1 >>> (0.8903)
2021-12-15 10:55:20,538:INFO: Epoch 60/100
2021-12-15 10:58:55,637:INFO: Training Avg Loss: 0.000019, tab(0.000001)*10.0, rel(0.000093)*0.0, ent(0.000010)*1.0, cor(0.070700)*0.0
2021-12-15 11:00:03,665:INFO: Eval Result: F1: 0.8290, P: 0.7976, R: 0.8630
2021-12-15 11:00:03,665:INFO: Epoch 61/100
2021-12-15 11:03:55,664:INFO: Training Avg Loss: 0.000021, tab(0.000001)*10.0, rel(0.000135)*0.0, ent(0.000012)*1.0, cor(0.063111)*0.0
2021-12-15 11:05:07,305:INFO: Eval Result: F1: 0.8444, P: 0.7980, R: 0.8967
2021-12-15 11:05:07,305:INFO: Epoch 62/100
2021-12-15 11:12:43,224:INFO: Training Avg Loss: 0.000019, tab(0.000001)*10.0, rel(0.000121)*0.0, ent(0.000009)*1.0, cor(0.061461)*0.0
2021-12-15 11:13:48,954:INFO: Eval Result: F1: 0.8616, P: 0.8314, R: 0.8940
2021-12-15 11:13:48,954:INFO: Epoch 63/100
2021-12-15 11:27:44,191:INFO: Training Avg Loss: 0.000021, tab(0.000001)*10.0, rel(0.000111)*0.0, ent(0.000010)*1.0, cor(0.059424)*0.0
2021-12-15 11:28:52,062:INFO: Eval Result: F1: 0.8512, P: 0.8231, R: 0.8812
2021-12-15 11:28:52,063:INFO: Epoch 64/100
2021-12-15 11:42:09,603:INFO: Training Avg Loss: 0.000023, tab(0.000001)*10.0, rel(0.000109)*0.0, ent(0.000009)*1.0, cor(0.061827)*0.0
2021-12-15 11:43:12,564:INFO: Eval Result: F1: 0.8376, P: 0.8054, R: 0.8725
2021-12-15 11:43:12,565:INFO: Epoch 65/100
2021-12-15 11:52:51,955:INFO: Training Avg Loss: 0.000019, tab(0.000001)*10.0, rel(0.000082)*0.0, ent(0.000009)*1.0, cor(0.063815)*0.0
2021-12-15 11:54:03,971:INFO: Eval Result: F1: 0.8706, P: 0.8462, R: 0.8965
2021-12-15 11:54:03,971:INFO: Epoch 66/100
2021-12-15 11:57:41,454:INFO: Training Avg Loss: 0.000009, tab(0.000000)*10.0, rel(0.000052)*0.0, ent(0.000006)*1.0, cor(0.070456)*0.0
2021-12-15 11:58:56,364:INFO: Eval Result: F1: 0.8567, P: 0.8278, R: 0.8877
2021-12-15 11:58:56,364:INFO: Epoch 67/100
2021-12-15 12:02:19,799:INFO: Training Avg Loss: 0.000010, tab(0.000000)*10.0, rel(0.000159)*0.0, ent(0.000006)*1.0, cor(0.066492)*0.0
2021-12-15 12:03:27,600:INFO: Eval Result: F1: 0.8751, P: 0.8532, R: 0.8981
2021-12-15 12:03:27,600:INFO: Epoch 68/100
2021-12-15 12:06:44,297:INFO: Training Avg Loss: 0.000007, tab(0.000000)*10.0, rel(0.000049)*0.0, ent(0.000005)*1.0, cor(0.060389)*0.0
2021-12-15 12:07:56,341:INFO: Eval Result: F1: 0.8817, P: 0.8527, R: 0.9128
2021-12-15 12:07:56,342:INFO: Epoch 69/100
2021-12-15 12:10:28,825:INFO: Training Avg Loss: 0.000011, tab(0.000000)*10.0, rel(0.000050)*0.0, ent(0.000006)*1.0, cor(0.065161)*0.0
2021-12-15 12:11:41,656:INFO: Eval Result: F1: 0.8863, P: 0.8666, R: 0.9069
2021-12-15 12:11:41,656:INFO: Epoch 70/100
2021-12-15 12:14:14,887:INFO: Training Avg Loss: 0.000013, tab(0.000001)*10.0, rel(0.000033)*0.0, ent(0.000006)*1.0, cor(0.076443)*0.0
2021-12-15 12:15:26,310:INFO: Eval Result: F1: 0.8800, P: 0.8561, R: 0.9052
2021-12-15 12:15:26,310:INFO: Epoch 71/100
2021-12-15 12:17:55,326:INFO: Training Avg Loss: 0.000007, tab(0.000000)*10.0, rel(0.000038)*0.0, ent(0.000005)*1.0, cor(0.075036)*0.0
2021-12-15 12:18:54,101:INFO: Eval Result: F1: 0.8577, P: 0.8321, R: 0.8850
2021-12-15 12:18:54,101:INFO: Epoch 72/100
2021-12-15 12:21:22,316:INFO: Training Avg Loss: 0.000009, tab(0.000000)*10.0, rel(0.000037)*0.0, ent(0.000005)*1.0, cor(0.073617)*0.0
2021-12-15 12:22:36,837:INFO: Eval Result: F1: 0.8791, P: 0.8610, R: 0.8980
2021-12-15 12:22:36,838:INFO: Epoch 73/100
2021-12-15 12:25:09,699:INFO: Training Avg Loss: 0.000020, tab(0.000001)*10.0, rel(0.000056)*0.0, ent(0.000008)*1.0, cor(0.069165)*0.0
2021-12-15 12:26:08,858:INFO: Eval Result: F1: 0.8555, P: 0.8298, R: 0.8828
2021-12-15 12:26:08,858:INFO: Epoch 74/100
2021-12-15 12:28:39,774:INFO: Training Avg Loss: 0.000007, tab(0.000000)*10.0, rel(0.000027)*0.0, ent(0.000005)*1.0, cor(0.067810)*0.0
2021-12-15 12:29:45,207:INFO: Eval Result: F1: 0.8723, P: 0.8428, R: 0.9039
2021-12-15 12:29:45,207:INFO: Epoch 75/100
2021-12-15 12:32:16,988:INFO: Training Avg Loss: 0.000007, tab(0.000000)*10.0, rel(0.000027)*0.0, ent(0.000004)*1.0, cor(0.078920)*0.0
2021-12-15 12:33:33,208:INFO: Eval Result: F1: 0.8825, P: 0.8536, R: 0.9134
2021-12-15 12:33:33,208:INFO: Epoch 76/100
2021-12-15 12:36:06,789:INFO: Training Avg Loss: 0.000004, tab(0.000000)*10.0, rel(0.000032)*0.0, ent(0.000003)*1.0, cor(0.075820)*0.0
2021-12-15 12:37:11,763:INFO: Eval Result: F1: 0.8769, P: 0.8433, R: 0.9131
2021-12-15 12:37:11,763:INFO: Epoch 77/100
2021-12-15 12:39:43,666:INFO: Training Avg Loss: 0.000005, tab(0.000000)*10.0, rel(0.000029)*0.0, ent(0.000004)*1.0, cor(0.076385)*0.0
2021-12-15 12:40:51,571:INFO: Eval Result: F1: 0.8685, P: 0.8431, R: 0.8955
2021-12-15 12:40:51,571:INFO: Epoch 78/100
2021-12-15 12:43:22,587:INFO: Training Avg Loss: 0.000007, tab(0.000000)*10.0, rel(0.000034)*0.0, ent(0.000005)*1.0, cor(0.074670)*0.0
2021-12-15 12:44:27,783:INFO: Eval Result: F1: 0.8803, P: 0.8573, R: 0.9047
2021-12-15 12:44:27,783:INFO: Epoch 79/100
2021-12-15 12:47:12,328:INFO: Training Avg Loss: 0.000004, tab(0.000000)*10.0, rel(0.000027)*0.0, ent(0.000003)*1.0, cor(0.075427)*0.0
2021-12-15 12:48:21,164:INFO: Eval Result: F1: 0.8729, P: 0.8529, R: 0.8938
2021-12-15 12:48:21,165:INFO: Epoch 80/100
2021-12-15 12:51:19,811:INFO: Training Avg Loss: 0.000005, tab(0.000000)*10.0, rel(0.000024)*0.0, ent(0.000004)*1.0, cor(0.073675)*0.0
2021-12-15 12:52:31,308:INFO: Eval Result: F1: 0.8661, P: 0.8323, R: 0.9028
2021-12-15 12:52:31,309:INFO: Epoch 81/100
2021-12-15 12:55:36,666:INFO: Training Avg Loss: 0.000005, tab(0.000000)*10.0, rel(0.000031)*0.0, ent(0.000004)*1.0, cor(0.070984)*0.0
2021-12-15 12:56:33,409:INFO: Eval Result: F1: 0.8759, P: 0.8622, R: 0.8901
2021-12-15 12:56:33,410:INFO: Epoch 82/100
2021-12-15 12:59:55,537:INFO: Training Avg Loss: 0.000006, tab(0.000000)*10.0, rel(0.000026)*0.0, ent(0.000004)*1.0, cor(0.072862)*0.0
2021-12-15 13:01:04,423:INFO: Eval Result: F1: 0.8753, P: 0.8500, R: 0.9022
2021-12-15 13:01:04,423:INFO: Epoch 83/100
2021-12-15 13:04:17,026:INFO: Training Avg Loss: 0.000004, tab(0.000000)*10.0, rel(0.000018)*0.0, ent(0.000003)*1.0, cor(0.072263)*0.0
2021-12-15 13:05:22,522:INFO: Eval Result: F1: 0.8675, P: 0.8386, R: 0.8984
2021-12-15 13:05:22,522:INFO: Epoch 84/100
2021-12-15 13:08:43,433:INFO: Training Avg Loss: 0.000005, tab(0.000000)*10.0, rel(0.000020)*0.0, ent(0.000003)*1.0, cor(0.071998)*0.0
2021-12-15 13:09:43,189:INFO: Eval Result: F1: 0.8837, P: 0.8620, R: 0.9066
2021-12-15 13:09:43,189:INFO: Epoch 85/100
2021-12-15 13:13:08,429:INFO: Training Avg Loss: 0.000004, tab(0.000000)*10.0, rel(0.000022)*0.0, ent(0.000003)*1.0, cor(0.070667)*0.0
2021-12-15 13:14:13,727:INFO: Eval Result: F1: 0.8795, P: 0.8551, R: 0.9053
2021-12-15 13:14:13,727:INFO: Epoch 86/100
2021-12-15 13:17:38,738:INFO: Training Avg Loss: 0.000005, tab(0.000000)*10.0, rel(0.000033)*0.0, ent(0.000004)*1.0, cor(0.071973)*0.0
2021-12-15 13:18:44,669:INFO: Eval Result: F1: 0.8495, P: 0.8162, R: 0.8855
2021-12-15 13:18:44,669:INFO: Epoch 87/100
2021-12-15 13:22:06,304:INFO: Training Avg Loss: 0.000005, tab(0.000000)*10.0, rel(0.000030)*0.0, ent(0.000004)*1.0, cor(0.075423)*0.0
2021-12-15 13:23:20,003:INFO: Eval Result: F1: 0.8791, P: 0.8618, R: 0.8971
2021-12-15 13:23:20,003:INFO: Epoch 88/100
2021-12-15 13:26:24,809:INFO: Training Avg Loss: 0.000005, tab(0.000000)*10.0, rel(0.000019)*0.0, ent(0.000003)*1.0, cor(0.075994)*0.0
2021-12-15 13:27:36,902:INFO: Eval Result: F1: 0.8514, P: 0.8106, R: 0.8965
2021-12-15 13:27:36,902:INFO: Epoch 89/100
2021-12-15 13:31:00,085:INFO: Training Avg Loss: 0.000005, tab(0.000000)*10.0, rel(0.000025)*0.0, ent(0.000003)*1.0, cor(0.078028)*0.0
2021-12-15 13:32:16,020:INFO: Eval Result: F1: 0.8835, P: 0.8550, R: 0.9138
2021-12-15 13:32:16,020:WARNING: Early stoping in epoch 89 and the best F1 is (0.890268)!!!!
2021-12-15 13:32:16,020:INFO: Final evaluate in 'test set':
2021-12-15 13:33:41,886:INFO: Eval Result: F1: 0.8821, P: 0.8612, R: 0.9041
2021-12-15 13:33:41,886:WARNING: 


Final Result: 
Val Best F1 Score is (0.890268), Test F1 Score is (0.882139)
