2021-11-28 10:16:41,775:INFO: 
Running with the following arguments:
 >> index : 2021-11-28_10-16-40-temp
 >> corpus_type : WebNLG
 >> device_id : 1
 >> epoch_num : 100
 >> batch_size : 6
 >> use_symmetries : None
 >> use_feature_enchanced : True
 >> use_negative_mask : False
 >> set_rel_level : maxpooling
 >> set_ent_level : sent
 >> set_table_calc : mul

2021-11-28 10:16:41,775:INFO: 
Configs: 
 >> early_stop: 30
 >> seed: 12138
 >> hidden_size: 768
 >> max_text_len: 150
 >> drop_prob: 0.3
 >> data_dir: data/WebNLG
 >> log_dir: logs/2021-11-28_10-16-40-temp
 >> model_dir: models/2021-11-28_10-16-40-temp
 >> log_path: logs/2021-11-28_10-16-40-temp/train.log
 >> bert_model_dir: ../Bert/bert-base-cased
 >> rel_num: 216
 >> fin_tuning_lr: 0.0001
 >> downs_en_lr: 0.001
 >> clip_grad: 2.0
 >> weight_decay_rate: 0.01
 >> warmup_prop: 0.1

2021-11-28 10:16:47,687:INFO: Epoch 1/100
2021-11-28 10:18:47,082:INFO: Eval Result: F1: 0.0000, P: 1.0000, R: 0.0000
2021-11-28 10:18:47,112:WARNING: Find new best F1 0.0000
2021-11-28 10:18:47,112:INFO: Epoch 2/100
2021-11-28 10:20:48,356:INFO: Eval Result: F1: 0.0400, P: 0.1006, R: 0.0249
2021-11-28 10:20:48,389:WARNING: Find new best F1 0.0400
2021-11-28 10:20:48,389:INFO: Epoch 3/100
2021-11-28 10:23:15,856:INFO: Eval Result: F1: 0.2637, P: 0.2258, R: 0.3170
2021-11-28 10:23:15,897:WARNING: Find new best F1 0.2637
2021-11-28 10:23:15,897:INFO: Epoch 4/100
2021-11-28 10:25:53,859:INFO: Eval Result: F1: 0.4870, P: 0.4393, R: 0.5462
2021-11-28 10:25:53,899:WARNING: Find new best F1 0.4870
2021-11-28 10:25:53,899:INFO: Epoch 5/100
2021-11-28 10:28:38,028:INFO: Eval Result: F1: 0.6253, P: 0.5558, R: 0.7145
2021-11-28 10:28:38,067:WARNING: Find new best F1 0.6253
2021-11-28 10:28:38,067:INFO: Epoch 6/100
2021-11-28 10:31:27,808:INFO: Eval Result: F1: 0.6273, P: 0.5401, R: 0.7479
2021-11-28 10:31:27,849:WARNING: Find new best F1 0.6273
2021-11-28 10:31:27,849:INFO: Epoch 7/100
2021-11-28 10:34:10,034:INFO: Eval Result: F1: 0.6967, P: 0.6548, R: 0.7443
2021-11-28 10:34:10,072:WARNING: Find new best F1 0.6967
2021-11-28 10:34:10,072:INFO: Epoch 8/100
2021-11-28 10:36:54,444:INFO: Eval Result: F1: 0.6827, P: 0.6145, R: 0.7680
2021-11-28 10:36:54,483:INFO: Epoch 9/100
2021-11-28 10:39:40,103:INFO: Eval Result: F1: 0.6304, P: 0.5732, R: 0.7002
2021-11-28 10:39:40,142:INFO: Epoch 10/100
2021-11-28 10:42:21,016:INFO: Eval Result: F1: 0.6458, P: 0.6235, R: 0.6697
2021-11-28 10:42:21,054:INFO: Epoch 11/100
2021-11-28 10:45:00,162:INFO: Eval Result: F1: 0.6981, P: 0.6795, R: 0.7177
2021-11-28 10:45:00,200:WARNING: Find new best F1 0.6981
2021-11-28 10:45:00,200:INFO: Epoch 12/100
2021-11-28 10:47:49,850:INFO: Eval Result: F1: 0.7095, P: 0.6653, R: 0.7601
2021-11-28 10:47:49,889:WARNING: Find new best F1 0.7095
2021-11-28 10:47:49,889:INFO: Epoch 13/100
2021-11-28 10:50:29,581:INFO: Eval Result: F1: 0.7588, P: 0.7273, R: 0.7932
2021-11-28 10:50:29,617:WARNING: Find new best F1 0.7588
2021-11-28 10:50:29,617:INFO: Epoch 14/100
2021-11-28 10:53:19,752:INFO: Eval Result: F1: 0.7549, P: 0.7052, R: 0.8122
2021-11-28 10:53:19,791:INFO: Epoch 15/100
2021-11-28 10:56:13,610:INFO: Eval Result: F1: 0.6780, P: 0.6182, R: 0.7506
2021-11-28 10:56:13,649:INFO: Epoch 16/100
2021-11-28 10:58:58,464:INFO: Eval Result: F1: 0.7392, P: 0.6767, R: 0.8144
2021-11-28 10:58:58,502:INFO: Epoch 17/100
2021-11-28 11:01:50,920:INFO: Eval Result: F1: 0.7301, P: 0.6733, R: 0.7974
2021-11-28 11:01:50,961:INFO: Epoch 18/100
2021-11-28 11:04:34,696:INFO: Eval Result: F1: 0.7614, P: 0.7333, R: 0.7917
2021-11-28 11:04:34,733:WARNING: Find new best F1 0.7614
2021-11-28 11:04:34,733:INFO: Epoch 19/100
2021-11-28 11:07:24,480:INFO: Eval Result: F1: 0.7643, P: 0.7073, R: 0.8312
2021-11-28 11:07:24,519:WARNING: Find new best F1 0.7643
2021-11-28 11:07:24,519:INFO: Epoch 20/100
2021-11-28 11:10:07,519:INFO: Eval Result: F1: 0.7758, P: 0.7304, R: 0.8272
2021-11-28 11:10:07,557:WARNING: Find new best F1 0.7758
2021-11-28 11:10:07,558:INFO: Epoch 21/100
2021-11-28 11:12:57,152:INFO: Eval Result: F1: 0.7487, P: 0.7043, R: 0.7991
2021-11-28 11:12:57,190:INFO: Epoch 22/100
2021-11-28 11:15:46,919:INFO: Eval Result: F1: 0.7739, P: 0.7355, R: 0.8164
2021-11-28 11:15:46,958:INFO: Epoch 23/100
2021-11-28 11:18:36,967:INFO: Eval Result: F1: 0.7894, P: 0.7399, R: 0.8460
2021-11-28 11:18:37,005:WARNING: Find new best F1 0.7894
2021-11-28 11:18:37,005:INFO: Epoch 24/100
2021-11-28 11:21:22,113:INFO: Eval Result: F1: 0.8087, P: 0.7573, R: 0.8675
2021-11-28 11:21:22,152:WARNING: Find new best F1 0.8087
2021-11-28 11:21:22,152:INFO: Epoch 25/100
2021-11-28 11:24:07,536:INFO: Eval Result: F1: 0.8070, P: 0.7840, R: 0.8315
2021-11-28 11:24:07,573:INFO: Epoch 26/100
2021-11-28 11:26:56,024:INFO: Eval Result: F1: 0.7252, P: 0.6447, R: 0.8285
2021-11-28 11:26:56,062:INFO: Epoch 27/100
2021-11-28 11:29:41,447:INFO: Eval Result: F1: 0.8071, P: 0.7813, R: 0.8345
2021-11-28 11:29:41,484:INFO: Epoch 28/100
2021-11-28 11:32:29,983:INFO: Eval Result: F1: 0.7651, P: 0.7104, R: 0.8290
2021-11-28 11:32:30,021:INFO: Epoch 29/100
2021-11-28 11:35:18,359:INFO: Eval Result: F1: 0.7849, P: 0.7329, R: 0.8449
2021-11-28 11:35:18,398:INFO: Epoch 30/100
2021-11-28 11:37:59,179:INFO: Eval Result: F1: 0.7590, P: 0.7096, R: 0.8158
2021-11-28 11:37:59,217:INFO: Epoch 31/100
2021-11-28 11:40:43,147:INFO: Eval Result: F1: 0.7815, P: 0.7389, R: 0.8293
2021-11-28 11:40:43,184:INFO: Epoch 32/100
2021-11-28 11:43:27,287:INFO: Eval Result: F1: 0.8028, P: 0.7548, R: 0.8574
2021-11-28 11:43:27,324:INFO: Epoch 33/100
2021-11-28 11:46:17,844:INFO: Eval Result: F1: 0.8229, P: 0.7804, R: 0.8704
2021-11-28 11:46:17,882:WARNING: Find new best F1 0.8229
2021-11-28 11:46:17,883:INFO: Epoch 34/100
2021-11-28 11:48:57,749:INFO: Eval Result: F1: 0.7834, P: 0.7395, R: 0.8328
2021-11-28 11:48:57,787:INFO: Epoch 35/100
2021-11-28 11:51:36,792:INFO: Eval Result: F1: 0.7704, P: 0.7217, R: 0.8263
2021-11-28 11:51:36,829:INFO: Epoch 36/100
2021-11-28 11:54:18,090:INFO: Eval Result: F1: 0.7991, P: 0.7558, R: 0.8476
2021-11-28 11:54:18,128:INFO: Epoch 37/100
2021-11-28 11:57:03,805:INFO: Eval Result: F1: 0.8512, P: 0.8237, R: 0.8806
2021-11-28 11:57:03,842:WARNING: Find new best F1 0.8512
2021-11-28 11:57:03,842:INFO: Epoch 38/100
2021-11-28 11:59:51,317:INFO: Eval Result: F1: 0.7627, P: 0.7009, R: 0.8364
2021-11-28 11:59:51,355:INFO: Epoch 39/100
2021-11-28 12:02:35,399:INFO: Eval Result: F1: 0.8169, P: 0.7794, R: 0.8582
2021-11-28 12:02:35,436:INFO: Epoch 40/100
2021-11-28 12:05:23,469:INFO: Eval Result: F1: 0.8263, P: 0.7926, R: 0.8629
2021-11-28 12:05:23,507:INFO: Epoch 41/100
2021-11-28 12:08:06,626:INFO: Eval Result: F1: 0.8070, P: 0.7504, R: 0.8728
2021-11-28 12:08:06,674:INFO: Epoch 42/100
2021-11-28 12:10:55,724:INFO: Eval Result: F1: 0.8479, P: 0.8070, R: 0.8932
2021-11-28 12:10:55,760:INFO: Epoch 43/100
2021-11-28 12:13:44,515:INFO: Eval Result: F1: 0.8104, P: 0.7613, R: 0.8662
2021-11-28 12:13:44,552:INFO: Epoch 44/100
2021-11-28 12:16:28,823:INFO: Eval Result: F1: 0.8288, P: 0.7988, R: 0.8612
2021-11-28 12:16:28,860:INFO: Epoch 45/100
2021-11-28 12:19:15,615:INFO: Eval Result: F1: 0.7962, P: 0.7442, R: 0.8561
2021-11-28 12:19:15,651:INFO: Epoch 46/100
2021-11-28 12:21:57,623:INFO: Eval Result: F1: 0.8164, P: 0.7827, R: 0.8532
2021-11-28 12:21:57,658:INFO: Epoch 47/100
2021-11-28 12:24:39,347:INFO: Eval Result: F1: 0.8120, P: 0.7665, R: 0.8632
2021-11-28 12:24:39,383:INFO: Epoch 48/100
2021-11-28 12:27:25,212:INFO: Eval Result: F1: 0.8385, P: 0.7999, R: 0.8811
2021-11-28 12:27:25,248:INFO: Epoch 49/100
2021-11-28 12:30:11,641:INFO: Eval Result: F1: 0.8156, P: 0.7645, R: 0.8740
2021-11-28 12:30:11,678:INFO: Epoch 50/100
2021-11-28 12:32:55,734:INFO: Eval Result: F1: 0.8233, P: 0.7881, R: 0.8618
2021-11-28 12:32:55,770:INFO: Epoch 51/100
2021-11-28 12:35:39,125:INFO: Eval Result: F1: 0.8522, P: 0.8214, R: 0.8853
2021-11-28 12:35:39,162:WARNING: Find new best F1 0.8522
2021-11-28 12:35:39,162:INFO: Epoch 52/100
2021-11-28 12:38:25,501:INFO: Eval Result: F1: 0.8537, P: 0.8262, R: 0.8832
2021-11-28 12:38:25,538:WARNING: Find new best F1 0.8537
2021-11-28 12:38:25,538:INFO: Epoch 53/100
2021-11-28 12:41:07,720:INFO: Eval Result: F1: 0.8458, P: 0.8102, R: 0.8846
2021-11-28 12:41:07,755:INFO: Epoch 54/100
2021-11-28 12:43:46,615:INFO: Eval Result: F1: 0.8455, P: 0.8017, R: 0.8944
2021-11-28 12:43:46,650:INFO: Epoch 55/100
2021-11-28 12:46:36,697:INFO: Eval Result: F1: 0.8434, P: 0.8058, R: 0.8847
2021-11-28 12:46:36,734:INFO: Epoch 56/100
2021-11-28 12:49:25,062:INFO: Eval Result: F1: 0.8323, P: 0.7888, R: 0.8809
2021-11-28 12:49:25,097:INFO: Epoch 57/100
2021-11-28 12:52:15,741:INFO: Eval Result: F1: 0.8370, P: 0.7905, R: 0.8893
2021-11-28 12:52:15,777:INFO: Epoch 58/100
2021-11-28 12:55:05,685:INFO: Eval Result: F1: 0.8553, P: 0.8243, R: 0.8887
2021-11-28 12:55:05,722:WARNING: Find new best F1 0.8553
2021-11-28 12:55:05,722:INFO: Epoch 59/100
2021-11-28 12:57:51,678:INFO: Eval Result: F1: 0.8591, P: 0.8331, R: 0.8869
2021-11-28 12:57:51,714:WARNING: Find new best F1 0.8591
2021-11-28 12:57:51,714:INFO: Epoch 60/100
2021-11-28 13:00:39,656:INFO: Eval Result: F1: 0.8597, P: 0.8333, R: 0.8877
2021-11-28 13:00:39,692:WARNING: Find new best F1 0.8597
2021-11-28 13:00:39,692:INFO: Epoch 61/100
2021-11-28 13:03:24,722:INFO: Eval Result: F1: 0.8288, P: 0.7888, R: 0.8731
2021-11-28 13:03:24,758:INFO: Epoch 62/100
2021-11-28 13:06:09,972:INFO: Eval Result: F1: 0.8342, P: 0.7975, R: 0.8745
2021-11-28 13:06:10,008:INFO: Epoch 63/100
2021-11-28 13:08:53,095:INFO: Eval Result: F1: 0.8681, P: 0.8456, R: 0.8919
2021-11-28 13:08:53,131:WARNING: Find new best F1 0.8681
2021-11-28 13:08:53,131:INFO: Epoch 64/100
2021-11-28 13:11:40,337:INFO: Eval Result: F1: 0.8646, P: 0.8340, R: 0.8975
2021-11-28 13:11:40,374:INFO: Epoch 65/100
2021-11-28 13:14:29,529:INFO: Eval Result: F1: 0.8635, P: 0.8418, R: 0.8863
2021-11-28 13:14:29,565:INFO: Epoch 66/100
2021-11-28 13:17:13,707:INFO: Eval Result: F1: 0.8673, P: 0.8396, R: 0.8969
2021-11-28 13:17:13,744:INFO: Epoch 67/100
2021-11-28 13:20:01,233:INFO: Eval Result: F1: 0.8788, P: 0.8623, R: 0.8959
2021-11-28 13:20:01,268:WARNING: Find new best F1 0.8788
2021-11-28 13:20:01,268:INFO: Epoch 68/100
2021-11-28 13:22:43,663:INFO: Eval Result: F1: 0.8528, P: 0.8346, R: 0.8718
2021-11-28 13:22:43,700:INFO: Epoch 69/100
2021-11-28 13:25:29,483:INFO: Eval Result: F1: 0.8521, P: 0.8347, R: 0.8702
2021-11-28 13:25:29,519:INFO: Epoch 70/100
2021-11-28 13:28:05,978:INFO: Eval Result: F1: 0.8824, P: 0.8631, R: 0.9026
2021-11-28 13:28:06,011:WARNING: Find new best F1 0.8824
2021-11-28 13:28:06,011:INFO: Epoch 71/100
2021-11-28 13:30:57,472:INFO: Eval Result: F1: 0.8707, P: 0.8489, R: 0.8937
2021-11-28 13:30:57,507:INFO: Epoch 72/100
2021-11-28 13:33:38,081:INFO: Eval Result: F1: 0.8555, P: 0.8255, R: 0.8877
2021-11-28 13:33:38,116:INFO: Epoch 73/100
2021-11-28 13:36:14,825:INFO: Eval Result: F1: 0.8863, P: 0.8755, R: 0.8974
2021-11-28 13:36:14,857:WARNING: Find new best F1 0.8863
2021-11-28 13:36:14,857:INFO: Epoch 74/100
2021-11-28 13:38:56,691:INFO: Eval Result: F1: 0.8863, P: 0.8758, R: 0.8971
2021-11-28 13:38:56,726:INFO: Epoch 75/100
2021-11-28 13:41:41,805:INFO: Eval Result: F1: 0.8595, P: 0.8359, R: 0.8845
2021-11-28 13:41:41,839:INFO: Epoch 76/100
2021-11-28 13:44:22,186:INFO: Eval Result: F1: 0.8834, P: 0.8660, R: 0.9017
2021-11-28 13:44:22,220:INFO: Epoch 77/100
2021-11-28 13:47:03,482:INFO: Eval Result: F1: 0.8815, P: 0.8616, R: 0.9023
2021-11-28 13:47:03,517:INFO: Epoch 78/100
2021-11-28 13:49:40,859:INFO: Eval Result: F1: 0.8521, P: 0.8260, R: 0.8798
2021-11-28 13:49:40,892:INFO: Epoch 79/100
2021-11-28 13:52:20,743:INFO: Eval Result: F1: 0.8613, P: 0.8463, R: 0.8769
2021-11-28 13:52:20,777:INFO: Epoch 80/100
2021-11-28 13:55:04,270:INFO: Eval Result: F1: 0.9016, P: 0.8795, R: 0.9248
2021-11-28 13:55:04,304:WARNING: Find new best F1 0.9016
2021-11-28 13:55:04,304:INFO: Epoch 81/100
2021-11-28 13:57:38,845:INFO: Eval Result: F1: 0.8676, P: 0.8410, R: 0.8959
2021-11-28 13:57:38,878:INFO: Epoch 82/100
2021-11-28 14:00:18,260:INFO: Eval Result: F1: 0.8748, P: 0.8504, R: 0.9006
2021-11-28 14:00:18,296:INFO: Epoch 83/100
2021-11-28 14:03:08,981:INFO: Eval Result: F1: 0.8539, P: 0.8315, R: 0.8774
2021-11-28 14:03:09,018:INFO: Epoch 84/100
2021-11-28 14:05:49,302:INFO: Eval Result: F1: 0.8528, P: 0.8266, R: 0.8806
2021-11-28 14:05:49,338:INFO: Epoch 85/100
2021-11-28 14:08:36,468:INFO: Eval Result: F1: 0.8719, P: 0.8537, R: 0.8910
2021-11-28 14:08:36,502:INFO: Epoch 86/100
2021-11-28 14:11:18,138:INFO: Eval Result: F1: 0.8663, P: 0.8400, R: 0.8943
2021-11-28 14:11:18,172:INFO: Epoch 87/100
2021-11-28 14:13:54,862:INFO: Eval Result: F1: 0.8704, P: 0.8446, R: 0.8978
2021-11-28 14:13:54,896:INFO: Epoch 88/100
2021-11-28 14:16:35,364:INFO: Eval Result: F1: 0.8554, P: 0.8299, R: 0.8825
2021-11-28 14:16:35,399:INFO: Epoch 89/100
2021-11-28 14:19:13,442:INFO: Eval Result: F1: 0.8728, P: 0.8511, R: 0.8956
2021-11-28 14:19:13,477:INFO: Epoch 90/100
2021-11-28 14:21:51,367:INFO: Eval Result: F1: 0.8627, P: 0.8390, R: 0.8878
2021-11-28 14:21:51,401:INFO: Epoch 91/100
2021-11-28 14:24:32,485:INFO: Eval Result: F1: 0.8735, P: 0.8513, R: 0.8969
2021-11-28 14:24:32,519:INFO: Epoch 92/100
2021-11-28 14:27:07,695:INFO: Eval Result: F1: 0.8504, P: 0.8351, R: 0.8663
2021-11-28 14:27:07,729:INFO: Epoch 93/100
2021-11-28 14:29:54,454:INFO: Eval Result: F1: 0.8706, P: 0.8473, R: 0.8952
2021-11-28 14:29:54,491:INFO: Epoch 94/100
2021-11-28 14:32:43,835:INFO: Eval Result: F1: 0.8780, P: 0.8564, R: 0.9006
2021-11-28 14:32:43,872:INFO: Epoch 95/100
2021-11-28 14:35:31,134:INFO: Eval Result: F1: 0.8705, P: 0.8457, R: 0.8969
2021-11-28 14:35:31,168:INFO: Epoch 96/100
2021-11-28 14:38:14,049:INFO: Eval Result: F1: 0.8619, P: 0.8439, R: 0.8808
2021-11-28 14:38:14,083:INFO: Epoch 97/100
2021-11-28 14:40:54,497:INFO: Eval Result: F1: 0.8687, P: 0.8400, R: 0.8995
2021-11-28 14:40:54,532:INFO: Epoch 98/100
2021-11-28 14:43:39,885:INFO: Eval Result: F1: 0.8508, P: 0.8146, R: 0.8905
2021-11-28 14:43:39,923:INFO: Epoch 99/100
2021-11-28 14:46:26,704:INFO: Eval Result: F1: 0.8762, P: 0.8638, R: 0.8890
2021-11-28 14:46:26,740:INFO: Epoch 100/100
2021-11-28 14:49:09,192:INFO: Eval Result: F1: 0.8752, P: 0.8541, R: 0.8975
2021-11-28 14:49:09,226:WARNING: Final evaluate in 'test set':
2021-11-28 14:50:16,773:INFO: Eval Result: F1: 0.8720, P: 0.8572, R: 0.8873
